2025-01-12 21:57:05,518 - bot.management.commands.run_bot - INFO - Buyruqlar o'rnatildi.
2025-01-12 21:57:05,520 - bot.management.commands.run_bot - INFO - Router ulandi.
2025-01-12 21:57:05,638 - root - INFO - Hamma foydalanuvchilarga bot ishga tushgani haqida xabar yuborildi.
2025-01-12 21:57:05,638 - aiogram.dispatcher - INFO - Start polling
2025-01-12 21:57:06,054 - aiogram.dispatcher - INFO - Run polling for bot @Andijon2_Toshkent9_Taxi05_bot id=6870414572 - 'Andijon_Toshkent_Taxi'
2025-01-12 22:00:55,178 - aiogram.event - INFO - Update id=667158545 is handled. Duration 2218 ms by bot id=6870414572
2025-01-12 22:00:58,408 - aiogram.event - INFO - Update id=667158546 is handled. Duration 2203 ms by bot id=6870414572
2025-01-12 22:01:04,270 - aiogram.event - INFO - Update id=667158547 is handled. Duration 1000 ms by bot id=6870414572
2025-01-12 22:01:27,013 - aiogram.event - INFO - Update id=667158548 is handled. Duration 828 ms by bot id=6870414572
2025-01-12 22:01:38,223 - aiogram.event - INFO - Update id=667158549 is handled. Duration 328 ms by bot id=6870414572
2025-01-12 22:01:52,896 - aiogram.event - INFO - Update id=667158550 is handled. Duration 311 ms by bot id=6870414572
2025-01-12 22:02:03,056 - aiogram.event - INFO - Update id=667158551 is handled. Duration 343 ms by bot id=6870414572
2025-01-12 22:02:05,182 - aiogram.event - INFO - Update id=667158552 is handled. Duration 437 ms by bot id=6870414572
2025-01-12 22:02:11,368 - aiogram.event - INFO - Update id=667158553 is handled. Duration 328 ms by bot id=6870414572
2025-01-12 22:03:44,719 - aiogram.event - INFO - Update id=667158554 is handled. Duration 3093 ms by bot id=6870414572
2025-01-12 22:08:50,884 - aiogram.event - INFO - Update id=667158555 is not handled. Duration 30 ms by bot id=6870414572
2025-01-12 22:08:50,886 - aiogram.event - ERROR - Cause exception while process update id=667158555 by bot id=6870414572
AttributeError: 'VIPPackage' object has no attribute 'daily_income'
Traceback (most recent call last):
  File "C:\Users\user\Desktop\WebBot\venv\Lib\site-packages\aiogram\dispatcher\dispatcher.py", line 309, in _process_update
    response = await self.feed_update(bot, update, **kwargs)
               ^^^^^^^^^^^^^^^^^^^^^^^^^^^^^^^^^^^^^^^^^^^^^
  File "C:\Users\user\Desktop\WebBot\venv\Lib\site-packages\aiogram\dispatcher\dispatcher.py", line 158, in feed_update
    response = await self.update.wrap_outer_middleware(
               ^^^^^^^^^^^^^^^^^^^^^^^^^^^^^^^^^^^^^^^^
  File "C:\Users\user\Desktop\WebBot\venv\Lib\site-packages\aiogram\dispatcher\middlewares\error.py", line 25, in __call__
    return await handler(event, data)
           ^^^^^^^^^^^^^^^^^^^^^^^^^^
  File "C:\Users\user\Desktop\WebBot\venv\Lib\site-packages\aiogram\dispatcher\middlewares\user_context.py", line 27, in __call__
    return await handler(event, data)
           ^^^^^^^^^^^^^^^^^^^^^^^^^^
  File "C:\Users\user\Desktop\WebBot\venv\Lib\site-packages\aiogram\fsm\middleware.py", line 41, in __call__
    return await handler(event, data)
           ^^^^^^^^^^^^^^^^^^^^^^^^^^
  File "C:\Users\user\Desktop\WebBot\venv\Lib\site-packages\aiogram\dispatcher\event\telegram.py", line 121, in trigger
    return await wrapped_inner(event, kwargs)
           ^^^^^^^^^^^^^^^^^^^^^^^^^^^^^^^^^^
  File "C:\Users\user\Desktop\WebBot\venv\Lib\site-packages\aiogram\dispatcher\event\handler.py", line 43, in call
    return await wrapped()
           ^^^^^^^^^^^^^^^
  File "C:\Users\user\Desktop\WebBot\venv\Lib\site-packages\aiogram\dispatcher\dispatcher.py", line 276, in _listen_update
    return await self.propagate_event(update_type=update_type, event=event, **kwargs)
           ^^^^^^^^^^^^^^^^^^^^^^^^^^^^^^^^^^^^^^^^^^^^^^^^^^^^^^^^^^^^^^^^^^^^^^^^^^
  File "C:\Users\user\Desktop\WebBot\venv\Lib\site-packages\aiogram\dispatcher\router.py", line 128, in propagate_event
    return await observer.wrap_outer_middleware(_wrapped, event=event, data=kwargs)
           ^^^^^^^^^^^^^^^^^^^^^^^^^^^^^^^^^^^^^^^^^^^^^^^^^^^^^^^^^^^^^^^^^^^^^^^^
  File "C:\Users\user\Desktop\WebBot\venv\Lib\site-packages\aiogram\dispatcher\router.py", line 123, in _wrapped
    return await self._propagate_event(
           ^^^^^^^^^^^^^^^^^^^^^^^^^^^^
  File "C:\Users\user\Desktop\WebBot\venv\Lib\site-packages\aiogram\dispatcher\router.py", line 156, in _propagate_event
    response = await router.propagate_event(update_type=update_type, event=event, **kwargs)
               ^^^^^^^^^^^^^^^^^^^^^^^^^^^^^^^^^^^^^^^^^^^^^^^^^^^^^^^^^^^^^^^^^^^^^^^^^^^^
  File "C:\Users\user\Desktop\WebBot\venv\Lib\site-packages\aiogram\dispatcher\router.py", line 128, in propagate_event
    return await observer.wrap_outer_middleware(_wrapped, event=event, data=kwargs)
           ^^^^^^^^^^^^^^^^^^^^^^^^^^^^^^^^^^^^^^^^^^^^^^^^^^^^^^^^^^^^^^^^^^^^^^^^
  File "C:\Users\user\Desktop\WebBot\venv\Lib\site-packages\aiogram\dispatcher\router.py", line 123, in _wrapped
    return await self._propagate_event(
           ^^^^^^^^^^^^^^^^^^^^^^^^^^^^
  File "C:\Users\user\Desktop\WebBot\venv\Lib\site-packages\aiogram\dispatcher\router.py", line 156, in _propagate_event
    response = await router.propagate_event(update_type=update_type, event=event, **kwargs)
               ^^^^^^^^^^^^^^^^^^^^^^^^^^^^^^^^^^^^^^^^^^^^^^^^^^^^^^^^^^^^^^^^^^^^^^^^^^^^
  File "C:\Users\user\Desktop\WebBot\venv\Lib\site-packages\aiogram\dispatcher\router.py", line 128, in propagate_event
    return await observer.wrap_outer_middleware(_wrapped, event=event, data=kwargs)
           ^^^^^^^^^^^^^^^^^^^^^^^^^^^^^^^^^^^^^^^^^^^^^^^^^^^^^^^^^^^^^^^^^^^^^^^^
  File "C:\Users\user\Desktop\WebBot\venv\Lib\site-packages\aiogram\dispatcher\router.py", line 123, in _wrapped
    return await self._propagate_event(
           ^^^^^^^^^^^^^^^^^^^^^^^^^^^^
  File "C:\Users\user\Desktop\WebBot\venv\Lib\site-packages\aiogram\dispatcher\router.py", line 148, in _propagate_event
    response = await observer.trigger(event, **kwargs)
               ^^^^^^^^^^^^^^^^^^^^^^^^^^^^^^^^^^^^^^^
  File "C:\Users\user\Desktop\WebBot\venv\Lib\site-packages\aiogram\dispatcher\event\telegram.py", line 121, in trigger
    return await wrapped_inner(event, kwargs)
           ^^^^^^^^^^^^^^^^^^^^^^^^^^^^^^^^^^
  File "C:\Users\user\Desktop\WebBot\venv\Lib\site-packages\aiogram\dispatcher\event\handler.py", line 43, in call
    return await wrapped()
           ^^^^^^^^^^^^^^^
  File "C:\Users\user\Desktop\WebBot\bot\headers\handlers.py", line 201, in show_vip_package_details
    f"Daily income: {package.daily_income} $"
                     ^^^^^^^^^^^^^^^^^^^^
AttributeError: 'VIPPackage' object has no attribute 'daily_income'
2025-01-12 23:13:02,217 - aiogram.event - INFO - Update id=667158556 is handled. Duration 468 ms by bot id=6870414572
2025-01-12 23:33:05,537 - aiogram.dispatcher - ERROR - Failed to fetch updates - TelegramNetworkError: HTTP Client says - ServerDisconnectedError: Server disconnected
2025-01-12 23:33:05,540 - aiogram.dispatcher - WARNING - Sleep for 1.000000 seconds and try again... (tryings = 0, bot id = 6870414572)
2025-01-12 23:33:16,901 - aiogram.dispatcher - INFO - Connection established (tryings = 1, bot id = 6870414572)
2025-01-12 23:33:16,902 - aiogram.dispatcher - ERROR - Failed to fetch updates - TelegramNetworkError: HTTP Client says - ServerDisconnectedError: Server disconnected
2025-01-12 23:33:16,902 - aiogram.dispatcher - WARNING - Sleep for 1.000000 seconds and try again... (tryings = 0, bot id = 6870414572)
2025-01-12 23:33:28,221 - aiogram.dispatcher - INFO - Connection established (tryings = 1, bot id = 6870414572)
2025-01-13 01:54:01,377 - aiogram.dispatcher - ERROR - Failed to fetch updates - TelegramNetworkError: HTTP Client says - Request timeout error
2025-01-13 01:54:01,390 - aiogram.dispatcher - WARNING - Sleep for 1.000000 seconds and try again... (tryings = 0, bot id = 6870414572)
2025-01-13 01:54:12,754 - aiogram.dispatcher - INFO - Connection established (tryings = 1, bot id = 6870414572)
2025-01-13 04:12:49,993 - aiogram.dispatcher - ERROR - Failed to fetch updates - TelegramNetworkError: HTTP Client says - Request timeout error
2025-01-13 04:12:50,003 - aiogram.dispatcher - WARNING - Sleep for 1.000000 seconds and try again... (tryings = 0, bot id = 6870414572)
2025-01-13 04:13:01,340 - aiogram.dispatcher - INFO - Connection established (tryings = 1, bot id = 6870414572)
2025-01-13 04:13:30,189 - aiogram.dispatcher - INFO - Polling stopped
2025-01-13 04:13:30,630 - root - INFO - Hamma foydalanuvchilarga bot ishdan to'xtagani haqida xabar yuborildi.
2025-01-13 04:13:30,912 - aiogram.dispatcher - INFO - Polling stopped for bot @Andijon2_Toshkent9_Taxi05_bot id=6870414572 - 'Andijon_Toshkent_Taxi'
2025-01-13 04:13:39,305 - bot.management.commands.run_bot - INFO - Buyruqlar o'rnatildi.
2025-01-13 04:13:39,306 - bot.management.commands.run_bot - INFO - Router ulandi.
2025-01-13 04:13:39,539 - root - INFO - Hamma foydalanuvchilarga bot ishga tushgani haqida xabar yuborildi.
2025-01-13 04:13:39,540 - aiogram.dispatcher - INFO - Start polling
2025-01-13 04:13:39,647 - aiogram.dispatcher - INFO - Run polling for bot @Andijon2_Toshkent9_Taxi05_bot id=6870414572 - 'Andijon_Toshkent_Taxi'
2025-01-13 04:13:43,382 - aiogram.event - INFO - Update id=667158557 is handled. Duration 343 ms by bot id=6870414572
2025-01-13 04:13:45,403 - aiogram.event - INFO - Update id=667158558 is not handled. Duration 16 ms by bot id=6870414572
2025-01-13 04:13:45,403 - aiogram.event - ERROR - Cause exception while process update id=667158558 by bot id=6870414572
FieldError: Cannot resolve keyword 'customuser' into field. Choices are: created_at, daily_income_vip, description, description_en, description_ru, description_uz, duration, id, image, name, name_en, name_ru, name_uz, price, title, title_en, title_ru, title_uz, userpackage, users, vippackagepurchase
Traceback (most recent call last):
  File "C:\Users\user\Desktop\WebBot\venv\Lib\site-packages\aiogram\dispatcher\dispatcher.py", line 309, in _process_update
    response = await self.feed_update(bot, update, **kwargs)
               ^^^^^^^^^^^^^^^^^^^^^^^^^^^^^^^^^^^^^^^^^^^^^
  File "C:\Users\user\Desktop\WebBot\venv\Lib\site-packages\aiogram\dispatcher\dispatcher.py", line 158, in feed_update
    response = await self.update.wrap_outer_middleware(
               ^^^^^^^^^^^^^^^^^^^^^^^^^^^^^^^^^^^^^^^^
  File "C:\Users\user\Desktop\WebBot\venv\Lib\site-packages\aiogram\dispatcher\middlewares\error.py", line 25, in __call__
    return await handler(event, data)
           ^^^^^^^^^^^^^^^^^^^^^^^^^^
  File "C:\Users\user\Desktop\WebBot\venv\Lib\site-packages\aiogram\dispatcher\middlewares\user_context.py", line 27, in __call__
    return await handler(event, data)
           ^^^^^^^^^^^^^^^^^^^^^^^^^^
  File "C:\Users\user\Desktop\WebBot\venv\Lib\site-packages\aiogram\fsm\middleware.py", line 41, in __call__
    return await handler(event, data)
           ^^^^^^^^^^^^^^^^^^^^^^^^^^
  File "C:\Users\user\Desktop\WebBot\venv\Lib\site-packages\aiogram\dispatcher\event\telegram.py", line 121, in trigger
    return await wrapped_inner(event, kwargs)
           ^^^^^^^^^^^^^^^^^^^^^^^^^^^^^^^^^^
  File "C:\Users\user\Desktop\WebBot\venv\Lib\site-packages\aiogram\dispatcher\event\handler.py", line 43, in call
    return await wrapped()
           ^^^^^^^^^^^^^^^
  File "C:\Users\user\Desktop\WebBot\venv\Lib\site-packages\aiogram\dispatcher\dispatcher.py", line 276, in _listen_update
    return await self.propagate_event(update_type=update_type, event=event, **kwargs)
           ^^^^^^^^^^^^^^^^^^^^^^^^^^^^^^^^^^^^^^^^^^^^^^^^^^^^^^^^^^^^^^^^^^^^^^^^^^
  File "C:\Users\user\Desktop\WebBot\venv\Lib\site-packages\aiogram\dispatcher\router.py", line 128, in propagate_event
    return await observer.wrap_outer_middleware(_wrapped, event=event, data=kwargs)
           ^^^^^^^^^^^^^^^^^^^^^^^^^^^^^^^^^^^^^^^^^^^^^^^^^^^^^^^^^^^^^^^^^^^^^^^^
  File "C:\Users\user\Desktop\WebBot\venv\Lib\site-packages\aiogram\dispatcher\router.py", line 123, in _wrapped
    return await self._propagate_event(
           ^^^^^^^^^^^^^^^^^^^^^^^^^^^^
  File "C:\Users\user\Desktop\WebBot\venv\Lib\site-packages\aiogram\dispatcher\router.py", line 156, in _propagate_event
    response = await router.propagate_event(update_type=update_type, event=event, **kwargs)
               ^^^^^^^^^^^^^^^^^^^^^^^^^^^^^^^^^^^^^^^^^^^^^^^^^^^^^^^^^^^^^^^^^^^^^^^^^^^^
  File "C:\Users\user\Desktop\WebBot\venv\Lib\site-packages\aiogram\dispatcher\router.py", line 128, in propagate_event
    return await observer.wrap_outer_middleware(_wrapped, event=event, data=kwargs)
           ^^^^^^^^^^^^^^^^^^^^^^^^^^^^^^^^^^^^^^^^^^^^^^^^^^^^^^^^^^^^^^^^^^^^^^^^
  File "C:\Users\user\Desktop\WebBot\venv\Lib\site-packages\aiogram\dispatcher\router.py", line 123, in _wrapped
    return await self._propagate_event(
           ^^^^^^^^^^^^^^^^^^^^^^^^^^^^
  File "C:\Users\user\Desktop\WebBot\venv\Lib\site-packages\aiogram\dispatcher\router.py", line 156, in _propagate_event
    response = await router.propagate_event(update_type=update_type, event=event, **kwargs)
               ^^^^^^^^^^^^^^^^^^^^^^^^^^^^^^^^^^^^^^^^^^^^^^^^^^^^^^^^^^^^^^^^^^^^^^^^^^^^
  File "C:\Users\user\Desktop\WebBot\venv\Lib\site-packages\aiogram\dispatcher\router.py", line 128, in propagate_event
    return await observer.wrap_outer_middleware(_wrapped, event=event, data=kwargs)
           ^^^^^^^^^^^^^^^^^^^^^^^^^^^^^^^^^^^^^^^^^^^^^^^^^^^^^^^^^^^^^^^^^^^^^^^^
  File "C:\Users\user\Desktop\WebBot\venv\Lib\site-packages\aiogram\dispatcher\router.py", line 123, in _wrapped
    return await self._propagate_event(
           ^^^^^^^^^^^^^^^^^^^^^^^^^^^^
  File "C:\Users\user\Desktop\WebBot\venv\Lib\site-packages\aiogram\dispatcher\router.py", line 148, in _propagate_event
    response = await observer.trigger(event, **kwargs)
               ^^^^^^^^^^^^^^^^^^^^^^^^^^^^^^^^^^^^^^^
  File "C:\Users\user\Desktop\WebBot\venv\Lib\site-packages\aiogram\dispatcher\event\telegram.py", line 121, in trigger
    return await wrapped_inner(event, kwargs)
           ^^^^^^^^^^^^^^^^^^^^^^^^^^^^^^^^^^
  File "C:\Users\user\Desktop\WebBot\venv\Lib\site-packages\aiogram\dispatcher\event\handler.py", line 43, in call
    return await wrapped()
           ^^^^^^^^^^^^^^^
  File "C:\Users\user\Desktop\WebBot\bot\headers\handlers.py", line 124, in show_statistics
    user_stats = await get_user_money_statistics(user_id)
                 ^^^^^^^^^^^^^^^^^^^^^^^^^^^^^^^^^^^^^^^^
  File "C:\Users\user\Desktop\WebBot\venv\Lib\site-packages\asgiref\sync.py", line 468, in __call__
    ret = await asyncio.shield(exec_coro)
          ^^^^^^^^^^^^^^^^^^^^^^^^^^^^^^^
  File "C:\Users\user\AppData\Local\Programs\Python\Python311\Lib\concurrent\futures\thread.py", line 58, in run
    result = self.fn(*self.args, **self.kwargs)
             ^^^^^^^^^^^^^^^^^^^^^^^^^^^^^^^^^^
  File "C:\Users\user\Desktop\WebBot\venv\Lib\site-packages\asgiref\sync.py", line 522, in thread_handler
    return func(*args, **kwargs)
           ^^^^^^^^^^^^^^^^^^^^^
  File "C:\Users\user\Desktop\WebBot\bot\db.py", line 48, in get_user_money_statistics
    total_vip_spent = VIPPackage.objects.filter(
                      ^^^^^^^^^^^^^^^^^^^^^^^^^^
  File "C:\Users\user\Desktop\WebBot\venv\Lib\site-packages\django\db\models\manager.py", line 87, in manager_method
    return getattr(self.get_queryset(), name)(*args, **kwargs)
           ^^^^^^^^^^^^^^^^^^^^^^^^^^^^^^^^^^^^^^^^^^^^^^^^^^^
  File "C:\Users\user\Desktop\WebBot\venv\Lib\site-packages\django\db\models\query.py", line 1436, in filter
    return self._filter_or_exclude(False, args, kwargs)
           ^^^^^^^^^^^^^^^^^^^^^^^^^^^^^^^^^^^^^^^^^^^^
  File "C:\Users\user\Desktop\WebBot\venv\Lib\site-packages\modeltranslation\manager.py", line 332, in _filter_or_exclude
    return super()._filter_or_exclude(negate, args, kwargs)
           ^^^^^^^^^^^^^^^^^^^^^^^^^^^^^^^^^^^^^^^^^^^^^^^^
  File "C:\Users\user\Desktop\WebBot\venv\Lib\site-packages\django\db\models\query.py", line 1454, in _filter_or_exclude
    clone._filter_or_exclude_inplace(negate, args, kwargs)
  File "C:\Users\user\Desktop\WebBot\venv\Lib\site-packages\django\db\models\query.py", line 1461, in _filter_or_exclude_inplace
    self._query.add_q(Q(*args, **kwargs))
  File "C:\Users\user\Desktop\WebBot\venv\Lib\site-packages\django\db\models\sql\query.py", line 1498, in add_q
    clause, _ = self._add_q(q_object, self.used_aliases)
                ^^^^^^^^^^^^^^^^^^^^^^^^^^^^^^^^^^^^^^^^
  File "C:\Users\user\Desktop\WebBot\venv\Lib\site-packages\django\db\models\sql\query.py", line 1529, in _add_q
    child_clause, needed_inner = self.build_filter(
                                 ^^^^^^^^^^^^^^^^^^
  File "C:\Users\user\Desktop\WebBot\venv\Lib\site-packages\django\db\models\sql\query.py", line 1379, in build_filter
    lookups, parts, reffed_expression = self.solve_lookup_type(arg, summarize)
                                        ^^^^^^^^^^^^^^^^^^^^^^^^^^^^^^^^^^^^^^
  File "C:\Users\user\Desktop\WebBot\venv\Lib\site-packages\django\db\models\sql\query.py", line 1189, in solve_lookup_type
    _, field, _, lookup_parts = self.names_to_path(lookup_splitted, self.get_meta())
                                ^^^^^^^^^^^^^^^^^^^^^^^^^^^^^^^^^^^^^^^^^^^^^^^^^^^^
  File "C:\Users\user\Desktop\WebBot\venv\Lib\site-packages\django\db\models\sql\query.py", line 1677, in names_to_path
    raise FieldError(
django.core.exceptions.FieldError: Cannot resolve keyword 'customuser' into field. Choices are: created_at, daily_income_vip, description, description_en, description_ru, description_uz, duration, id, image, name, name_en, name_ru, name_uz, price, title, title_en, title_ru, title_uz, userpackage, users, vippackagepurchase
2025-01-13 04:13:49,101 - aiogram.event - INFO - Update id=667158559 is not handled. Duration 16 ms by bot id=6870414572
2025-01-13 04:13:49,102 - aiogram.event - ERROR - Cause exception while process update id=667158559 by bot id=6870414572
FieldError: Cannot resolve keyword 'customuser' into field. Choices are: created_at, daily_income_vip, description, description_en, description_ru, description_uz, duration, id, image, name, name_en, name_ru, name_uz, price, title, title_en, title_ru, title_uz, userpackage, users, vippackagepurchase
Traceback (most recent call last):
  File "C:\Users\user\Desktop\WebBot\venv\Lib\site-packages\aiogram\dispatcher\dispatcher.py", line 309, in _process_update
    response = await self.feed_update(bot, update, **kwargs)
               ^^^^^^^^^^^^^^^^^^^^^^^^^^^^^^^^^^^^^^^^^^^^^
  File "C:\Users\user\Desktop\WebBot\venv\Lib\site-packages\aiogram\dispatcher\dispatcher.py", line 158, in feed_update
    response = await self.update.wrap_outer_middleware(
               ^^^^^^^^^^^^^^^^^^^^^^^^^^^^^^^^^^^^^^^^
  File "C:\Users\user\Desktop\WebBot\venv\Lib\site-packages\aiogram\dispatcher\middlewares\error.py", line 25, in __call__
    return await handler(event, data)
           ^^^^^^^^^^^^^^^^^^^^^^^^^^
  File "C:\Users\user\Desktop\WebBot\venv\Lib\site-packages\aiogram\dispatcher\middlewares\user_context.py", line 27, in __call__
    return await handler(event, data)
           ^^^^^^^^^^^^^^^^^^^^^^^^^^
  File "C:\Users\user\Desktop\WebBot\venv\Lib\site-packages\aiogram\fsm\middleware.py", line 41, in __call__
    return await handler(event, data)
           ^^^^^^^^^^^^^^^^^^^^^^^^^^
  File "C:\Users\user\Desktop\WebBot\venv\Lib\site-packages\aiogram\dispatcher\event\telegram.py", line 121, in trigger
    return await wrapped_inner(event, kwargs)
           ^^^^^^^^^^^^^^^^^^^^^^^^^^^^^^^^^^
  File "C:\Users\user\Desktop\WebBot\venv\Lib\site-packages\aiogram\dispatcher\event\handler.py", line 43, in call
    return await wrapped()
           ^^^^^^^^^^^^^^^
  File "C:\Users\user\Desktop\WebBot\venv\Lib\site-packages\aiogram\dispatcher\dispatcher.py", line 276, in _listen_update
    return await self.propagate_event(update_type=update_type, event=event, **kwargs)
           ^^^^^^^^^^^^^^^^^^^^^^^^^^^^^^^^^^^^^^^^^^^^^^^^^^^^^^^^^^^^^^^^^^^^^^^^^^
  File "C:\Users\user\Desktop\WebBot\venv\Lib\site-packages\aiogram\dispatcher\router.py", line 128, in propagate_event
    return await observer.wrap_outer_middleware(_wrapped, event=event, data=kwargs)
           ^^^^^^^^^^^^^^^^^^^^^^^^^^^^^^^^^^^^^^^^^^^^^^^^^^^^^^^^^^^^^^^^^^^^^^^^
  File "C:\Users\user\Desktop\WebBot\venv\Lib\site-packages\aiogram\dispatcher\router.py", line 123, in _wrapped
    return await self._propagate_event(
           ^^^^^^^^^^^^^^^^^^^^^^^^^^^^
  File "C:\Users\user\Desktop\WebBot\venv\Lib\site-packages\aiogram\dispatcher\router.py", line 156, in _propagate_event
    response = await router.propagate_event(update_type=update_type, event=event, **kwargs)
               ^^^^^^^^^^^^^^^^^^^^^^^^^^^^^^^^^^^^^^^^^^^^^^^^^^^^^^^^^^^^^^^^^^^^^^^^^^^^
  File "C:\Users\user\Desktop\WebBot\venv\Lib\site-packages\aiogram\dispatcher\router.py", line 128, in propagate_event
    return await observer.wrap_outer_middleware(_wrapped, event=event, data=kwargs)
           ^^^^^^^^^^^^^^^^^^^^^^^^^^^^^^^^^^^^^^^^^^^^^^^^^^^^^^^^^^^^^^^^^^^^^^^^
  File "C:\Users\user\Desktop\WebBot\venv\Lib\site-packages\aiogram\dispatcher\router.py", line 123, in _wrapped
    return await self._propagate_event(
           ^^^^^^^^^^^^^^^^^^^^^^^^^^^^
  File "C:\Users\user\Desktop\WebBot\venv\Lib\site-packages\aiogram\dispatcher\router.py", line 156, in _propagate_event
    response = await router.propagate_event(update_type=update_type, event=event, **kwargs)
               ^^^^^^^^^^^^^^^^^^^^^^^^^^^^^^^^^^^^^^^^^^^^^^^^^^^^^^^^^^^^^^^^^^^^^^^^^^^^
  File "C:\Users\user\Desktop\WebBot\venv\Lib\site-packages\aiogram\dispatcher\router.py", line 128, in propagate_event
    return await observer.wrap_outer_middleware(_wrapped, event=event, data=kwargs)
           ^^^^^^^^^^^^^^^^^^^^^^^^^^^^^^^^^^^^^^^^^^^^^^^^^^^^^^^^^^^^^^^^^^^^^^^^
  File "C:\Users\user\Desktop\WebBot\venv\Lib\site-packages\aiogram\dispatcher\router.py", line 123, in _wrapped
    return await self._propagate_event(
           ^^^^^^^^^^^^^^^^^^^^^^^^^^^^
  File "C:\Users\user\Desktop\WebBot\venv\Lib\site-packages\aiogram\dispatcher\router.py", line 148, in _propagate_event
    response = await observer.trigger(event, **kwargs)
               ^^^^^^^^^^^^^^^^^^^^^^^^^^^^^^^^^^^^^^^
  File "C:\Users\user\Desktop\WebBot\venv\Lib\site-packages\aiogram\dispatcher\event\telegram.py", line 121, in trigger
    return await wrapped_inner(event, kwargs)
           ^^^^^^^^^^^^^^^^^^^^^^^^^^^^^^^^^^
  File "C:\Users\user\Desktop\WebBot\venv\Lib\site-packages\aiogram\dispatcher\event\handler.py", line 43, in call
    return await wrapped()
           ^^^^^^^^^^^^^^^
  File "C:\Users\user\Desktop\WebBot\bot\headers\handlers.py", line 124, in show_statistics
    user_stats = await get_user_money_statistics(user_id)
                 ^^^^^^^^^^^^^^^^^^^^^^^^^^^^^^^^^^^^^^^^
  File "C:\Users\user\Desktop\WebBot\venv\Lib\site-packages\asgiref\sync.py", line 468, in __call__
    ret = await asyncio.shield(exec_coro)
          ^^^^^^^^^^^^^^^^^^^^^^^^^^^^^^^
  File "C:\Users\user\AppData\Local\Programs\Python\Python311\Lib\concurrent\futures\thread.py", line 58, in run
    result = self.fn(*self.args, **self.kwargs)
             ^^^^^^^^^^^^^^^^^^^^^^^^^^^^^^^^^^
  File "C:\Users\user\Desktop\WebBot\venv\Lib\site-packages\asgiref\sync.py", line 522, in thread_handler
    return func(*args, **kwargs)
           ^^^^^^^^^^^^^^^^^^^^^
  File "C:\Users\user\Desktop\WebBot\bot\db.py", line 48, in get_user_money_statistics
    total_vip_spent = VIPPackage.objects.filter(
                      ^^^^^^^^^^^^^^^^^^^^^^^^^^
  File "C:\Users\user\Desktop\WebBot\venv\Lib\site-packages\django\db\models\manager.py", line 87, in manager_method
    return getattr(self.get_queryset(), name)(*args, **kwargs)
           ^^^^^^^^^^^^^^^^^^^^^^^^^^^^^^^^^^^^^^^^^^^^^^^^^^^
  File "C:\Users\user\Desktop\WebBot\venv\Lib\site-packages\django\db\models\query.py", line 1436, in filter
    return self._filter_or_exclude(False, args, kwargs)
           ^^^^^^^^^^^^^^^^^^^^^^^^^^^^^^^^^^^^^^^^^^^^
  File "C:\Users\user\Desktop\WebBot\venv\Lib\site-packages\modeltranslation\manager.py", line 332, in _filter_or_exclude
    return super()._filter_or_exclude(negate, args, kwargs)
           ^^^^^^^^^^^^^^^^^^^^^^^^^^^^^^^^^^^^^^^^^^^^^^^^
  File "C:\Users\user\Desktop\WebBot\venv\Lib\site-packages\django\db\models\query.py", line 1454, in _filter_or_exclude
    clone._filter_or_exclude_inplace(negate, args, kwargs)
  File "C:\Users\user\Desktop\WebBot\venv\Lib\site-packages\django\db\models\query.py", line 1461, in _filter_or_exclude_inplace
    self._query.add_q(Q(*args, **kwargs))
  File "C:\Users\user\Desktop\WebBot\venv\Lib\site-packages\django\db\models\sql\query.py", line 1498, in add_q
    clause, _ = self._add_q(q_object, self.used_aliases)
                ^^^^^^^^^^^^^^^^^^^^^^^^^^^^^^^^^^^^^^^^
  File "C:\Users\user\Desktop\WebBot\venv\Lib\site-packages\django\db\models\sql\query.py", line 1529, in _add_q
    child_clause, needed_inner = self.build_filter(
                                 ^^^^^^^^^^^^^^^^^^
  File "C:\Users\user\Desktop\WebBot\venv\Lib\site-packages\django\db\models\sql\query.py", line 1379, in build_filter
    lookups, parts, reffed_expression = self.solve_lookup_type(arg, summarize)
                                        ^^^^^^^^^^^^^^^^^^^^^^^^^^^^^^^^^^^^^^
  File "C:\Users\user\Desktop\WebBot\venv\Lib\site-packages\django\db\models\sql\query.py", line 1189, in solve_lookup_type
    _, field, _, lookup_parts = self.names_to_path(lookup_splitted, self.get_meta())
                                ^^^^^^^^^^^^^^^^^^^^^^^^^^^^^^^^^^^^^^^^^^^^^^^^^^^^
  File "C:\Users\user\Desktop\WebBot\venv\Lib\site-packages\django\db\models\sql\query.py", line 1677, in names_to_path
    raise FieldError(
django.core.exceptions.FieldError: Cannot resolve keyword 'customuser' into field. Choices are: created_at, daily_income_vip, description, description_en, description_ru, description_uz, duration, id, image, name, name_en, name_ru, name_uz, price, title, title_en, title_ru, title_uz, userpackage, users, vippackagepurchase
2025-01-13 04:15:06,179 - aiogram.dispatcher - INFO - Polling stopped
2025-01-13 04:15:06,504 - root - INFO - Hamma foydalanuvchilarga bot ishdan to'xtagani haqida xabar yuborildi.
2025-01-13 04:15:06,768 - aiogram.dispatcher - INFO - Polling stopped for bot @Andijon2_Toshkent9_Taxi05_bot id=6870414572 - 'Andijon_Toshkent_Taxi'
2025-01-13 04:15:11,841 - bot.management.commands.run_bot - INFO - Buyruqlar o'rnatildi.
2025-01-13 04:15:11,842 - bot.management.commands.run_bot - INFO - Router ulandi.
2025-01-13 04:15:12,041 - root - INFO - Hamma foydalanuvchilarga bot ishga tushgani haqida xabar yuborildi.
2025-01-13 04:15:12,042 - aiogram.dispatcher - INFO - Start polling
2025-01-13 04:15:12,152 - aiogram.dispatcher - INFO - Run polling for bot @Andijon2_Toshkent9_Taxi05_bot id=6870414572 - 'Andijon_Toshkent_Taxi'
2025-01-13 04:15:16,033 - aiogram.event - INFO - Update id=667158560 is handled. Duration 391 ms by bot id=6870414572
2025-01-13 04:15:18,034 - aiogram.event - INFO - Update id=667158561 is not handled. Duration 16 ms by bot id=6870414572
2025-01-13 04:15:51,877 - aiogram.dispatcher - INFO - Polling stopped
2025-01-13 04:15:52,250 - root - INFO - Hamma foydalanuvchilarga bot ishdan to'xtagani haqida xabar yuborildi.
2025-01-13 04:15:52,503 - aiogram.dispatcher - INFO - Polling stopped for bot @Andijon2_Toshkent9_Taxi05_bot id=6870414572 - 'Andijon_Toshkent_Taxi'
2025-01-13 04:15:57,117 - bot.management.commands.run_bot - INFO - Buyruqlar o'rnatildi.
2025-01-13 04:15:57,117 - bot.management.commands.run_bot - INFO - Router ulandi.
2025-01-13 04:15:57,330 - root - INFO - Hamma foydalanuvchilarga bot ishga tushgani haqida xabar yuborildi.
2025-01-13 04:15:57,330 - aiogram.dispatcher - INFO - Start polling
2025-01-13 04:15:57,440 - aiogram.dispatcher - INFO - Run polling for bot @Andijon2_Toshkent9_Taxi05_bot id=6870414572 - 'Andijon_Toshkent_Taxi'
2025-01-13 04:16:01,288 - aiogram.event - INFO - Update id=667158562 is handled. Duration 343 ms by bot id=6870414572
2025-01-13 04:16:03,332 - aiogram.event - INFO - Update id=667158563 is handled. Duration 235 ms by bot id=6870414572
2025-01-13 04:16:29,117 - aiogram.event - INFO - Update id=667158564 is handled. Duration 359 ms by bot id=6870414572
2025-01-13 04:16:30,672 - aiogram.event - INFO - Update id=667158565 is not handled. Duration 0 ms by bot id=6870414572
2025-01-13 04:16:30,673 - aiogram.event - ERROR - Cause exception while process update id=667158565 by bot id=6870414572
AttributeError: 'VIPPackage' object has no attribute 'daily_income'
Traceback (most recent call last):
  File "C:\Users\user\Desktop\WebBot\venv\Lib\site-packages\aiogram\dispatcher\dispatcher.py", line 309, in _process_update
    response = await self.feed_update(bot, update, **kwargs)
               ^^^^^^^^^^^^^^^^^^^^^^^^^^^^^^^^^^^^^^^^^^^^^
  File "C:\Users\user\Desktop\WebBot\venv\Lib\site-packages\aiogram\dispatcher\dispatcher.py", line 158, in feed_update
    response = await self.update.wrap_outer_middleware(
               ^^^^^^^^^^^^^^^^^^^^^^^^^^^^^^^^^^^^^^^^
  File "C:\Users\user\Desktop\WebBot\venv\Lib\site-packages\aiogram\dispatcher\middlewares\error.py", line 25, in __call__
    return await handler(event, data)
           ^^^^^^^^^^^^^^^^^^^^^^^^^^
  File "C:\Users\user\Desktop\WebBot\venv\Lib\site-packages\aiogram\dispatcher\middlewares\user_context.py", line 27, in __call__
    return await handler(event, data)
           ^^^^^^^^^^^^^^^^^^^^^^^^^^
  File "C:\Users\user\Desktop\WebBot\venv\Lib\site-packages\aiogram\fsm\middleware.py", line 41, in __call__
    return await handler(event, data)
           ^^^^^^^^^^^^^^^^^^^^^^^^^^
  File "C:\Users\user\Desktop\WebBot\venv\Lib\site-packages\aiogram\dispatcher\event\telegram.py", line 121, in trigger
    return await wrapped_inner(event, kwargs)
           ^^^^^^^^^^^^^^^^^^^^^^^^^^^^^^^^^^
  File "C:\Users\user\Desktop\WebBot\venv\Lib\site-packages\aiogram\dispatcher\event\handler.py", line 43, in call
    return await wrapped()
           ^^^^^^^^^^^^^^^
  File "C:\Users\user\Desktop\WebBot\venv\Lib\site-packages\aiogram\dispatcher\dispatcher.py", line 276, in _listen_update
    return await self.propagate_event(update_type=update_type, event=event, **kwargs)
           ^^^^^^^^^^^^^^^^^^^^^^^^^^^^^^^^^^^^^^^^^^^^^^^^^^^^^^^^^^^^^^^^^^^^^^^^^^
  File "C:\Users\user\Desktop\WebBot\venv\Lib\site-packages\aiogram\dispatcher\router.py", line 128, in propagate_event
    return await observer.wrap_outer_middleware(_wrapped, event=event, data=kwargs)
           ^^^^^^^^^^^^^^^^^^^^^^^^^^^^^^^^^^^^^^^^^^^^^^^^^^^^^^^^^^^^^^^^^^^^^^^^
  File "C:\Users\user\Desktop\WebBot\venv\Lib\site-packages\aiogram\dispatcher\router.py", line 123, in _wrapped
    return await self._propagate_event(
           ^^^^^^^^^^^^^^^^^^^^^^^^^^^^
  File "C:\Users\user\Desktop\WebBot\venv\Lib\site-packages\aiogram\dispatcher\router.py", line 156, in _propagate_event
    response = await router.propagate_event(update_type=update_type, event=event, **kwargs)
               ^^^^^^^^^^^^^^^^^^^^^^^^^^^^^^^^^^^^^^^^^^^^^^^^^^^^^^^^^^^^^^^^^^^^^^^^^^^^
  File "C:\Users\user\Desktop\WebBot\venv\Lib\site-packages\aiogram\dispatcher\router.py", line 128, in propagate_event
    return await observer.wrap_outer_middleware(_wrapped, event=event, data=kwargs)
           ^^^^^^^^^^^^^^^^^^^^^^^^^^^^^^^^^^^^^^^^^^^^^^^^^^^^^^^^^^^^^^^^^^^^^^^^
  File "C:\Users\user\Desktop\WebBot\venv\Lib\site-packages\aiogram\dispatcher\router.py", line 123, in _wrapped
    return await self._propagate_event(
           ^^^^^^^^^^^^^^^^^^^^^^^^^^^^
  File "C:\Users\user\Desktop\WebBot\venv\Lib\site-packages\aiogram\dispatcher\router.py", line 156, in _propagate_event
    response = await router.propagate_event(update_type=update_type, event=event, **kwargs)
               ^^^^^^^^^^^^^^^^^^^^^^^^^^^^^^^^^^^^^^^^^^^^^^^^^^^^^^^^^^^^^^^^^^^^^^^^^^^^
  File "C:\Users\user\Desktop\WebBot\venv\Lib\site-packages\aiogram\dispatcher\router.py", line 128, in propagate_event
    return await observer.wrap_outer_middleware(_wrapped, event=event, data=kwargs)
           ^^^^^^^^^^^^^^^^^^^^^^^^^^^^^^^^^^^^^^^^^^^^^^^^^^^^^^^^^^^^^^^^^^^^^^^^
  File "C:\Users\user\Desktop\WebBot\venv\Lib\site-packages\aiogram\dispatcher\router.py", line 123, in _wrapped
    return await self._propagate_event(
           ^^^^^^^^^^^^^^^^^^^^^^^^^^^^
  File "C:\Users\user\Desktop\WebBot\venv\Lib\site-packages\aiogram\dispatcher\router.py", line 148, in _propagate_event
    response = await observer.trigger(event, **kwargs)
               ^^^^^^^^^^^^^^^^^^^^^^^^^^^^^^^^^^^^^^^
  File "C:\Users\user\Desktop\WebBot\venv\Lib\site-packages\aiogram\dispatcher\event\telegram.py", line 121, in trigger
    return await wrapped_inner(event, kwargs)
           ^^^^^^^^^^^^^^^^^^^^^^^^^^^^^^^^^^
  File "C:\Users\user\Desktop\WebBot\venv\Lib\site-packages\aiogram\dispatcher\event\handler.py", line 43, in call
    return await wrapped()
           ^^^^^^^^^^^^^^^
  File "C:\Users\user\Desktop\WebBot\bot\headers\handlers.py", line 201, in show_vip_package_details
    f"Daily income: {package.daily_income} $"
                     ^^^^^^^^^^^^^^^^^^^^
AttributeError: 'VIPPackage' object has no attribute 'daily_income'
2025-01-13 04:18:31,501 - aiogram.dispatcher - INFO - Polling stopped
2025-01-13 04:18:31,872 - root - INFO - Hamma foydalanuvchilarga bot ishdan to'xtagani haqida xabar yuborildi.
2025-01-13 04:18:32,011 - aiogram.dispatcher - ERROR - Failed to fetch updates - TelegramNetworkError: HTTP Client says - ClientOSError: [Errno 1] [SSL: APPLICATION_DATA_AFTER_CLOSE_NOTIFY] application data after close notify (_ssl.c:2706)
2025-01-13 04:18:32,012 - aiogram.dispatcher - WARNING - Sleep for 1.000000 seconds and try again... (tryings = 0, bot id = 6870414572)
2025-01-13 04:18:32,131 - aiogram.dispatcher - INFO - Polling stopped for bot @Andijon2_Toshkent9_Taxi05_bot id=6870414572 - 'Andijon_Toshkent_Taxi'
2025-01-13 04:18:36,789 - bot.management.commands.run_bot - INFO - Buyruqlar o'rnatildi.
2025-01-13 04:18:36,790 - bot.management.commands.run_bot - INFO - Router ulandi.
2025-01-13 04:18:37,041 - root - INFO - Hamma foydalanuvchilarga bot ishga tushgani haqida xabar yuborildi.
2025-01-13 04:18:37,041 - aiogram.dispatcher - INFO - Start polling
2025-01-13 04:18:37,149 - aiogram.dispatcher - INFO - Run polling for bot @Andijon2_Toshkent9_Taxi05_bot id=6870414572 - 'Andijon_Toshkent_Taxi'
2025-01-13 04:18:43,284 - aiogram.event - INFO - Update id=667158566 is handled. Duration 844 ms by bot id=6870414572
2025-01-13 04:18:44,679 - aiogram.event - INFO - Update id=667158567 is handled. Duration 218 ms by bot id=6870414572
2025-01-13 04:18:45,933 - aiogram.event - INFO - Update id=667158568 is handled. Duration 125 ms by bot id=6870414572
2025-01-13 04:18:47,771 - aiogram.event - INFO - Update id=667158569 is handled. Duration 233 ms by bot id=6870414572
2025-01-13 04:18:49,164 - aiogram.event - INFO - Update id=667158570 is handled. Duration 468 ms by bot id=6870414572
2025-01-13 04:19:39,115 - aiogram.dispatcher - INFO - Polling stopped
2025-01-13 04:19:39,458 - root - INFO - Hamma foydalanuvchilarga bot ishdan to'xtagani haqida xabar yuborildi.
2025-01-13 04:19:39,706 - aiogram.dispatcher - INFO - Polling stopped for bot @Andijon2_Toshkent9_Taxi05_bot id=6870414572 - 'Andijon_Toshkent_Taxi'
2025-01-13 04:19:44,597 - bot.management.commands.run_bot - INFO - Buyruqlar o'rnatildi.
2025-01-13 04:19:44,598 - bot.management.commands.run_bot - INFO - Router ulandi.
2025-01-13 04:19:44,893 - root - INFO - Hamma foydalanuvchilarga bot ishga tushgani haqida xabar yuborildi.
2025-01-13 04:19:44,894 - aiogram.dispatcher - INFO - Start polling
2025-01-13 04:19:45,001 - aiogram.dispatcher - INFO - Run polling for bot @Andijon2_Toshkent9_Taxi05_bot id=6870414572 - 'Andijon_Toshkent_Taxi'
2025-01-13 04:19:48,214 - aiogram.event - INFO - Update id=667158571 is handled. Duration 406 ms by bot id=6870414572
2025-01-13 04:19:49,475 - aiogram.event - INFO - Update id=667158572 is handled. Duration 233 ms by bot id=6870414572
2025-01-13 04:19:50,309 - aiogram.event - INFO - Update id=667158573 is handled. Duration 125 ms by bot id=6870414572
2025-01-13 04:20:08,158 - aiogram.event - INFO - Update id=667158574 is handled. Duration 594 ms by bot id=6870414572
2025-01-13 04:21:24,282 - aiogram.event - INFO - Update id=667158575 is handled. Duration 360 ms by bot id=6870414572
2025-01-13 04:21:25,843 - aiogram.event - INFO - Update id=667158576 is handled. Duration 125 ms by bot id=6870414572
2025-01-13 04:21:27,699 - aiogram.event - INFO - Update id=667158577 is handled. Duration 266 ms by bot id=6870414572
2025-01-13 04:21:28,586 - aiogram.event - INFO - Update id=667158578 is handled. Duration 218 ms by bot id=6870414572
2025-01-13 04:21:34,480 - aiogram.event - INFO - Update id=667158579 is handled. Duration 375 ms by bot id=6870414572
2025-01-13 04:21:40,963 - aiogram.event - INFO - Update id=667158580 is handled. Duration 139 ms by bot id=6870414572
2025-01-13 04:21:44,405 - aiogram.event - INFO - Update id=667158581 is handled. Duration 110 ms by bot id=6870414572
2025-01-13 04:21:54,599 - aiogram.event - INFO - Update id=667158582 is handled. Duration 875 ms by bot id=6870414572
2025-01-13 04:24:32,440 - aiogram.event - INFO - Update id=667158583 is handled. Duration 343 ms by bot id=6870414572
2025-01-13 04:24:39,942 - aiogram.event - INFO - Update id=667158584 is not handled. Duration 15 ms by bot id=6870414572
2025-01-13 04:24:39,942 - aiogram.event - ERROR - Cause exception while process update id=667158584 by bot id=6870414572
AttributeError: 'NoneType' object has no attribute 'min_order_sum'
Traceback (most recent call last):
  File "C:\Users\user\Desktop\WebBot\venv\Lib\site-packages\aiogram\dispatcher\dispatcher.py", line 309, in _process_update
    response = await self.feed_update(bot, update, **kwargs)
               ^^^^^^^^^^^^^^^^^^^^^^^^^^^^^^^^^^^^^^^^^^^^^
  File "C:\Users\user\Desktop\WebBot\venv\Lib\site-packages\aiogram\dispatcher\dispatcher.py", line 158, in feed_update
    response = await self.update.wrap_outer_middleware(
               ^^^^^^^^^^^^^^^^^^^^^^^^^^^^^^^^^^^^^^^^
  File "C:\Users\user\Desktop\WebBot\venv\Lib\site-packages\aiogram\dispatcher\middlewares\error.py", line 25, in __call__
    return await handler(event, data)
           ^^^^^^^^^^^^^^^^^^^^^^^^^^
  File "C:\Users\user\Desktop\WebBot\venv\Lib\site-packages\aiogram\dispatcher\middlewares\user_context.py", line 27, in __call__
    return await handler(event, data)
           ^^^^^^^^^^^^^^^^^^^^^^^^^^
  File "C:\Users\user\Desktop\WebBot\venv\Lib\site-packages\aiogram\fsm\middleware.py", line 41, in __call__
    return await handler(event, data)
           ^^^^^^^^^^^^^^^^^^^^^^^^^^
  File "C:\Users\user\Desktop\WebBot\venv\Lib\site-packages\aiogram\dispatcher\event\telegram.py", line 121, in trigger
    return await wrapped_inner(event, kwargs)
           ^^^^^^^^^^^^^^^^^^^^^^^^^^^^^^^^^^
  File "C:\Users\user\Desktop\WebBot\venv\Lib\site-packages\aiogram\dispatcher\event\handler.py", line 43, in call
    return await wrapped()
           ^^^^^^^^^^^^^^^
  File "C:\Users\user\Desktop\WebBot\venv\Lib\site-packages\aiogram\dispatcher\dispatcher.py", line 276, in _listen_update
    return await self.propagate_event(update_type=update_type, event=event, **kwargs)
           ^^^^^^^^^^^^^^^^^^^^^^^^^^^^^^^^^^^^^^^^^^^^^^^^^^^^^^^^^^^^^^^^^^^^^^^^^^
  File "C:\Users\user\Desktop\WebBot\venv\Lib\site-packages\aiogram\dispatcher\router.py", line 128, in propagate_event
    return await observer.wrap_outer_middleware(_wrapped, event=event, data=kwargs)
           ^^^^^^^^^^^^^^^^^^^^^^^^^^^^^^^^^^^^^^^^^^^^^^^^^^^^^^^^^^^^^^^^^^^^^^^^
  File "C:\Users\user\Desktop\WebBot\venv\Lib\site-packages\aiogram\dispatcher\router.py", line 123, in _wrapped
    return await self._propagate_event(
           ^^^^^^^^^^^^^^^^^^^^^^^^^^^^
  File "C:\Users\user\Desktop\WebBot\venv\Lib\site-packages\aiogram\dispatcher\router.py", line 156, in _propagate_event
    response = await router.propagate_event(update_type=update_type, event=event, **kwargs)
               ^^^^^^^^^^^^^^^^^^^^^^^^^^^^^^^^^^^^^^^^^^^^^^^^^^^^^^^^^^^^^^^^^^^^^^^^^^^^
  File "C:\Users\user\Desktop\WebBot\venv\Lib\site-packages\aiogram\dispatcher\router.py", line 128, in propagate_event
    return await observer.wrap_outer_middleware(_wrapped, event=event, data=kwargs)
           ^^^^^^^^^^^^^^^^^^^^^^^^^^^^^^^^^^^^^^^^^^^^^^^^^^^^^^^^^^^^^^^^^^^^^^^^
  File "C:\Users\user\Desktop\WebBot\venv\Lib\site-packages\aiogram\dispatcher\router.py", line 123, in _wrapped
    return await self._propagate_event(
           ^^^^^^^^^^^^^^^^^^^^^^^^^^^^
  File "C:\Users\user\Desktop\WebBot\venv\Lib\site-packages\aiogram\dispatcher\router.py", line 156, in _propagate_event
    response = await router.propagate_event(update_type=update_type, event=event, **kwargs)
               ^^^^^^^^^^^^^^^^^^^^^^^^^^^^^^^^^^^^^^^^^^^^^^^^^^^^^^^^^^^^^^^^^^^^^^^^^^^^
  File "C:\Users\user\Desktop\WebBot\venv\Lib\site-packages\aiogram\dispatcher\router.py", line 128, in propagate_event
    return await observer.wrap_outer_middleware(_wrapped, event=event, data=kwargs)
           ^^^^^^^^^^^^^^^^^^^^^^^^^^^^^^^^^^^^^^^^^^^^^^^^^^^^^^^^^^^^^^^^^^^^^^^^
  File "C:\Users\user\Desktop\WebBot\venv\Lib\site-packages\aiogram\dispatcher\router.py", line 123, in _wrapped
    return await self._propagate_event(
           ^^^^^^^^^^^^^^^^^^^^^^^^^^^^
  File "C:\Users\user\Desktop\WebBot\venv\Lib\site-packages\aiogram\dispatcher\router.py", line 148, in _propagate_event
    response = await observer.trigger(event, **kwargs)
               ^^^^^^^^^^^^^^^^^^^^^^^^^^^^^^^^^^^^^^^
  File "C:\Users\user\Desktop\WebBot\venv\Lib\site-packages\aiogram\dispatcher\event\telegram.py", line 121, in trigger
    return await wrapped_inner(event, kwargs)
           ^^^^^^^^^^^^^^^^^^^^^^^^^^^^^^^^^^
  File "C:\Users\user\Desktop\WebBot\venv\Lib\site-packages\aiogram\dispatcher\event\handler.py", line 43, in call
    return await wrapped()
           ^^^^^^^^^^^^^^^
  File "C:\Users\user\Desktop\WebBot\bot\headers\handlers.py", line 444, in check_withdrawal_amount
    await message.answer(f"Minimum summ: {min_order_sum.min_order_sum}")
                                          ^^^^^^^^^^^^^^^^^^^^^^^^^^^
AttributeError: 'NoneType' object has no attribute 'min_order_sum'
2025-01-13 04:25:09,765 - aiogram.dispatcher - INFO - Polling stopped
2025-01-13 04:25:10,158 - root - INFO - Hamma foydalanuvchilarga bot ishdan to'xtagani haqida xabar yuborildi.
2025-01-13 04:25:10,236 - aiogram.dispatcher - ERROR - Failed to fetch updates - TelegramNetworkError: HTTP Client says - ClientOSError: [Errno 1] [SSL: APPLICATION_DATA_AFTER_CLOSE_NOTIFY] application data after close notify (_ssl.c:2706)
2025-01-13 04:25:10,237 - aiogram.dispatcher - WARNING - Sleep for 1.000000 seconds and try again... (tryings = 0, bot id = 6870414572)
2025-01-13 04:25:10,405 - aiogram.dispatcher - INFO - Polling stopped for bot @Andijon2_Toshkent9_Taxi05_bot id=6870414572 - 'Andijon_Toshkent_Taxi'
2025-01-13 04:25:31,644 - bot.management.commands.run_bot - INFO - Buyruqlar o'rnatildi.
2025-01-13 04:25:31,645 - bot.management.commands.run_bot - INFO - Router ulandi.
2025-01-13 04:25:31,827 - root - INFO - Hamma foydalanuvchilarga bot ishga tushgani haqida xabar yuborildi.
2025-01-13 04:25:31,828 - aiogram.dispatcher - INFO - Start polling
2025-01-13 04:25:31,931 - aiogram.dispatcher - INFO - Run polling for bot @Andijon2_Toshkent9_Taxi05_bot id=6870414572 - 'Andijon_Toshkent_Taxi'
2025-01-13 04:25:36,530 - aiogram.event - INFO - Update id=667158585 is handled. Duration 328 ms by bot id=6870414572
2025-01-13 04:25:37,645 - aiogram.event - INFO - Update id=667158586 is handled. Duration 125 ms by bot id=6870414572
2025-01-13 04:25:39,751 - aiogram.event - INFO - Update id=667158587 is not handled. Duration 14 ms by bot id=6870414572
2025-01-13 04:25:39,752 - aiogram.event - ERROR - Cause exception while process update id=667158587 by bot id=6870414572
AttributeError: 'NoneType' object has no attribute 'min_order_sum'
Traceback (most recent call last):
  File "C:\Users\user\Desktop\WebBot\venv\Lib\site-packages\aiogram\dispatcher\dispatcher.py", line 309, in _process_update
    response = await self.feed_update(bot, update, **kwargs)
               ^^^^^^^^^^^^^^^^^^^^^^^^^^^^^^^^^^^^^^^^^^^^^
  File "C:\Users\user\Desktop\WebBot\venv\Lib\site-packages\aiogram\dispatcher\dispatcher.py", line 158, in feed_update
    response = await self.update.wrap_outer_middleware(
               ^^^^^^^^^^^^^^^^^^^^^^^^^^^^^^^^^^^^^^^^
  File "C:\Users\user\Desktop\WebBot\venv\Lib\site-packages\aiogram\dispatcher\middlewares\error.py", line 25, in __call__
    return await handler(event, data)
           ^^^^^^^^^^^^^^^^^^^^^^^^^^
  File "C:\Users\user\Desktop\WebBot\venv\Lib\site-packages\aiogram\dispatcher\middlewares\user_context.py", line 27, in __call__
    return await handler(event, data)
           ^^^^^^^^^^^^^^^^^^^^^^^^^^
  File "C:\Users\user\Desktop\WebBot\venv\Lib\site-packages\aiogram\fsm\middleware.py", line 41, in __call__
    return await handler(event, data)
           ^^^^^^^^^^^^^^^^^^^^^^^^^^
  File "C:\Users\user\Desktop\WebBot\venv\Lib\site-packages\aiogram\dispatcher\event\telegram.py", line 121, in trigger
    return await wrapped_inner(event, kwargs)
           ^^^^^^^^^^^^^^^^^^^^^^^^^^^^^^^^^^
  File "C:\Users\user\Desktop\WebBot\venv\Lib\site-packages\aiogram\dispatcher\event\handler.py", line 43, in call
    return await wrapped()
           ^^^^^^^^^^^^^^^
  File "C:\Users\user\Desktop\WebBot\venv\Lib\site-packages\aiogram\dispatcher\dispatcher.py", line 276, in _listen_update
    return await self.propagate_event(update_type=update_type, event=event, **kwargs)
           ^^^^^^^^^^^^^^^^^^^^^^^^^^^^^^^^^^^^^^^^^^^^^^^^^^^^^^^^^^^^^^^^^^^^^^^^^^
  File "C:\Users\user\Desktop\WebBot\venv\Lib\site-packages\aiogram\dispatcher\router.py", line 128, in propagate_event
    return await observer.wrap_outer_middleware(_wrapped, event=event, data=kwargs)
           ^^^^^^^^^^^^^^^^^^^^^^^^^^^^^^^^^^^^^^^^^^^^^^^^^^^^^^^^^^^^^^^^^^^^^^^^
  File "C:\Users\user\Desktop\WebBot\venv\Lib\site-packages\aiogram\dispatcher\router.py", line 123, in _wrapped
    return await self._propagate_event(
           ^^^^^^^^^^^^^^^^^^^^^^^^^^^^
  File "C:\Users\user\Desktop\WebBot\venv\Lib\site-packages\aiogram\dispatcher\router.py", line 156, in _propagate_event
    response = await router.propagate_event(update_type=update_type, event=event, **kwargs)
               ^^^^^^^^^^^^^^^^^^^^^^^^^^^^^^^^^^^^^^^^^^^^^^^^^^^^^^^^^^^^^^^^^^^^^^^^^^^^
  File "C:\Users\user\Desktop\WebBot\venv\Lib\site-packages\aiogram\dispatcher\router.py", line 128, in propagate_event
    return await observer.wrap_outer_middleware(_wrapped, event=event, data=kwargs)
           ^^^^^^^^^^^^^^^^^^^^^^^^^^^^^^^^^^^^^^^^^^^^^^^^^^^^^^^^^^^^^^^^^^^^^^^^
  File "C:\Users\user\Desktop\WebBot\venv\Lib\site-packages\aiogram\dispatcher\router.py", line 123, in _wrapped
    return await self._propagate_event(
           ^^^^^^^^^^^^^^^^^^^^^^^^^^^^
  File "C:\Users\user\Desktop\WebBot\venv\Lib\site-packages\aiogram\dispatcher\router.py", line 156, in _propagate_event
    response = await router.propagate_event(update_type=update_type, event=event, **kwargs)
               ^^^^^^^^^^^^^^^^^^^^^^^^^^^^^^^^^^^^^^^^^^^^^^^^^^^^^^^^^^^^^^^^^^^^^^^^^^^^
  File "C:\Users\user\Desktop\WebBot\venv\Lib\site-packages\aiogram\dispatcher\router.py", line 128, in propagate_event
    return await observer.wrap_outer_middleware(_wrapped, event=event, data=kwargs)
           ^^^^^^^^^^^^^^^^^^^^^^^^^^^^^^^^^^^^^^^^^^^^^^^^^^^^^^^^^^^^^^^^^^^^^^^^
  File "C:\Users\user\Desktop\WebBot\venv\Lib\site-packages\aiogram\dispatcher\router.py", line 123, in _wrapped
    return await self._propagate_event(
           ^^^^^^^^^^^^^^^^^^^^^^^^^^^^
  File "C:\Users\user\Desktop\WebBot\venv\Lib\site-packages\aiogram\dispatcher\router.py", line 148, in _propagate_event
    response = await observer.trigger(event, **kwargs)
               ^^^^^^^^^^^^^^^^^^^^^^^^^^^^^^^^^^^^^^^
  File "C:\Users\user\Desktop\WebBot\venv\Lib\site-packages\aiogram\dispatcher\event\telegram.py", line 121, in trigger
    return await wrapped_inner(event, kwargs)
           ^^^^^^^^^^^^^^^^^^^^^^^^^^^^^^^^^^
  File "C:\Users\user\Desktop\WebBot\venv\Lib\site-packages\aiogram\dispatcher\event\handler.py", line 43, in call
    return await wrapped()
           ^^^^^^^^^^^^^^^
  File "C:\Users\user\Desktop\WebBot\bot\headers\handlers.py", line 444, in check_withdrawal_amount
    await message.answer(f"Minimum summ: {min_order_sum.min_order_sum}")
                                          ^^^^^^^^^^^^^^^^^^^^^^^^^^^
AttributeError: 'NoneType' object has no attribute 'min_order_sum'
2025-01-13 04:29:45,676 - aiogram.dispatcher - INFO - Polling stopped
2025-01-13 04:29:46,058 - root - INFO - Hamma foydalanuvchilarga bot ishdan to'xtagani haqida xabar yuborildi.
2025-01-13 04:29:46,333 - aiogram.dispatcher - INFO - Polling stopped for bot @Andijon2_Toshkent9_Taxi05_bot id=6870414572 - 'Andijon_Toshkent_Taxi'
2025-01-13 04:29:51,632 - bot.management.commands.run_bot - INFO - Buyruqlar o'rnatildi.
2025-01-13 04:29:51,633 - bot.management.commands.run_bot - INFO - Router ulandi.
2025-01-13 04:29:51,824 - root - INFO - Hamma foydalanuvchilarga bot ishga tushgani haqida xabar yuborildi.
2025-01-13 04:29:51,825 - aiogram.dispatcher - INFO - Start polling
2025-01-13 04:29:51,927 - aiogram.dispatcher - INFO - Run polling for bot @Andijon2_Toshkent9_Taxi05_bot id=6870414572 - 'Andijon_Toshkent_Taxi'
2025-01-13 04:29:56,391 - aiogram.event - INFO - Update id=667158588 is handled. Duration 343 ms by bot id=6870414572
2025-01-13 04:29:57,552 - aiogram.event - INFO - Update id=667158589 is handled. Duration 125 ms by bot id=6870414572
2025-01-13 04:29:59,836 - bot.headers.handlers - INFO - 5092869653 foydalanuvchi hisobidan 90$ ayirildi.
2025-01-13 04:30:00,008 - aiogram.event - INFO - Update id=667158590 is handled. Duration 203 ms by bot id=6870414572
2025-01-13 04:30:08,963 - aiogram.event - INFO - Update id=667158591 is handled. Duration 1000 ms by bot id=6870414572
2025-01-13 04:35:53,339 - aiogram.dispatcher - INFO - Polling stopped
2025-01-13 04:35:53,692 - root - INFO - Hamma foydalanuvchilarga bot ishdan to'xtagani haqida xabar yuborildi.
2025-01-13 04:35:53,948 - aiogram.dispatcher - INFO - Polling stopped for bot @Andijon2_Toshkent9_Taxi05_bot id=6870414572 - 'Andijon_Toshkent_Taxi'
2025-01-13 04:36:16,221 - bot.management.commands.run_bot - INFO - Buyruqlar o'rnatildi.
2025-01-13 04:36:16,221 - bot.management.commands.run_bot - INFO - Router ulandi.
2025-01-13 04:36:16,548 - root - INFO - Hamma foydalanuvchilarga bot ishga tushgani haqida xabar yuborildi.
2025-01-13 04:36:16,549 - aiogram.dispatcher - INFO - Start polling
2025-01-13 04:36:16,655 - aiogram.dispatcher - INFO - Run polling for bot @Andijon2_Toshkent9_Taxi05_bot id=6870414572 - 'Andijon_Toshkent_Taxi'
2025-01-13 04:36:22,369 - aiogram.event - INFO - Update id=667158592 is handled. Duration 328 ms by bot id=6870414572
2025-01-13 04:36:24,056 - aiogram.event - INFO - Update id=667158593 is handled. Duration 140 ms by bot id=6870414572
2025-01-13 04:36:25,629 - aiogram.event - INFO - Update id=667158594 is handled. Duration 218 ms by bot id=6870414572
2025-01-13 04:36:26,367 - aiogram.event - INFO - Update id=667158595 is handled. Duration 139 ms by bot id=6870414572
2025-01-13 04:36:34,479 - aiogram.event - INFO - Update id=667158596 is handled. Duration 313 ms by bot id=6870414572
2025-01-13 04:36:46,056 - aiogram.event - INFO - Update id=667158597 is not handled. Duration 15 ms by bot id=6870414572
2025-01-13 04:36:46,056 - aiogram.event - ERROR - Cause exception while process update id=667158597 by bot id=6870414572
AttributeError: 'coroutine' object has no attribute 'exists'
Traceback (most recent call last):
  File "C:\Users\user\Desktop\WebBot\venv\Lib\site-packages\aiogram\dispatcher\dispatcher.py", line 309, in _process_update
    response = await self.feed_update(bot, update, **kwargs)
               ^^^^^^^^^^^^^^^^^^^^^^^^^^^^^^^^^^^^^^^^^^^^^
  File "C:\Users\user\Desktop\WebBot\venv\Lib\site-packages\aiogram\dispatcher\dispatcher.py", line 158, in feed_update
    response = await self.update.wrap_outer_middleware(
               ^^^^^^^^^^^^^^^^^^^^^^^^^^^^^^^^^^^^^^^^
  File "C:\Users\user\Desktop\WebBot\venv\Lib\site-packages\aiogram\dispatcher\middlewares\error.py", line 25, in __call__
    return await handler(event, data)
           ^^^^^^^^^^^^^^^^^^^^^^^^^^
  File "C:\Users\user\Desktop\WebBot\venv\Lib\site-packages\aiogram\dispatcher\middlewares\user_context.py", line 27, in __call__
    return await handler(event, data)
           ^^^^^^^^^^^^^^^^^^^^^^^^^^
  File "C:\Users\user\Desktop\WebBot\venv\Lib\site-packages\aiogram\fsm\middleware.py", line 41, in __call__
    return await handler(event, data)
           ^^^^^^^^^^^^^^^^^^^^^^^^^^
  File "C:\Users\user\Desktop\WebBot\venv\Lib\site-packages\aiogram\dispatcher\event\telegram.py", line 121, in trigger
    return await wrapped_inner(event, kwargs)
           ^^^^^^^^^^^^^^^^^^^^^^^^^^^^^^^^^^
  File "C:\Users\user\Desktop\WebBot\venv\Lib\site-packages\aiogram\dispatcher\event\handler.py", line 43, in call
    return await wrapped()
           ^^^^^^^^^^^^^^^
  File "C:\Users\user\Desktop\WebBot\venv\Lib\site-packages\aiogram\dispatcher\dispatcher.py", line 276, in _listen_update
    return await self.propagate_event(update_type=update_type, event=event, **kwargs)
           ^^^^^^^^^^^^^^^^^^^^^^^^^^^^^^^^^^^^^^^^^^^^^^^^^^^^^^^^^^^^^^^^^^^^^^^^^^
  File "C:\Users\user\Desktop\WebBot\venv\Lib\site-packages\aiogram\dispatcher\router.py", line 128, in propagate_event
    return await observer.wrap_outer_middleware(_wrapped, event=event, data=kwargs)
           ^^^^^^^^^^^^^^^^^^^^^^^^^^^^^^^^^^^^^^^^^^^^^^^^^^^^^^^^^^^^^^^^^^^^^^^^
  File "C:\Users\user\Desktop\WebBot\venv\Lib\site-packages\aiogram\dispatcher\router.py", line 123, in _wrapped
    return await self._propagate_event(
           ^^^^^^^^^^^^^^^^^^^^^^^^^^^^
  File "C:\Users\user\Desktop\WebBot\venv\Lib\site-packages\aiogram\dispatcher\router.py", line 156, in _propagate_event
    response = await router.propagate_event(update_type=update_type, event=event, **kwargs)
               ^^^^^^^^^^^^^^^^^^^^^^^^^^^^^^^^^^^^^^^^^^^^^^^^^^^^^^^^^^^^^^^^^^^^^^^^^^^^
  File "C:\Users\user\Desktop\WebBot\venv\Lib\site-packages\aiogram\dispatcher\router.py", line 128, in propagate_event
    return await observer.wrap_outer_middleware(_wrapped, event=event, data=kwargs)
           ^^^^^^^^^^^^^^^^^^^^^^^^^^^^^^^^^^^^^^^^^^^^^^^^^^^^^^^^^^^^^^^^^^^^^^^^
  File "C:\Users\user\Desktop\WebBot\venv\Lib\site-packages\aiogram\dispatcher\router.py", line 123, in _wrapped
    return await self._propagate_event(
           ^^^^^^^^^^^^^^^^^^^^^^^^^^^^
  File "C:\Users\user\Desktop\WebBot\venv\Lib\site-packages\aiogram\dispatcher\router.py", line 156, in _propagate_event
    response = await router.propagate_event(update_type=update_type, event=event, **kwargs)
               ^^^^^^^^^^^^^^^^^^^^^^^^^^^^^^^^^^^^^^^^^^^^^^^^^^^^^^^^^^^^^^^^^^^^^^^^^^^^
  File "C:\Users\user\Desktop\WebBot\venv\Lib\site-packages\aiogram\dispatcher\router.py", line 128, in propagate_event
    return await observer.wrap_outer_middleware(_wrapped, event=event, data=kwargs)
           ^^^^^^^^^^^^^^^^^^^^^^^^^^^^^^^^^^^^^^^^^^^^^^^^^^^^^^^^^^^^^^^^^^^^^^^^
  File "C:\Users\user\Desktop\WebBot\venv\Lib\site-packages\aiogram\dispatcher\router.py", line 123, in _wrapped
    return await self._propagate_event(
           ^^^^^^^^^^^^^^^^^^^^^^^^^^^^
  File "C:\Users\user\Desktop\WebBot\venv\Lib\site-packages\aiogram\dispatcher\router.py", line 148, in _propagate_event
    response = await observer.trigger(event, **kwargs)
               ^^^^^^^^^^^^^^^^^^^^^^^^^^^^^^^^^^^^^^^
  File "C:\Users\user\Desktop\WebBot\venv\Lib\site-packages\aiogram\dispatcher\event\telegram.py", line 121, in trigger
    return await wrapped_inner(event, kwargs)
           ^^^^^^^^^^^^^^^^^^^^^^^^^^^^^^^^^^
  File "C:\Users\user\Desktop\WebBot\venv\Lib\site-packages\aiogram\dispatcher\event\handler.py", line 43, in call
    return await wrapped()
           ^^^^^^^^^^^^^^^
  File "C:\Users\user\Desktop\WebBot\bot\headers\handlers.py", line 378, in confirm_purchase
    if not await sync_to_async(user.vip_packages.filter)(id=package.id).exists():
                 ^^^^^^^^^^^^^^^^^^^^^^^^^^^^^^^^^^^^^^^^^^^^^^^^^^^^^^^^^^^^^
AttributeError: 'coroutine' object has no attribute 'exists'
2025-01-13 04:40:20,260 - aiogram.dispatcher - INFO - Polling stopped
2025-01-13 04:40:20,599 - root - INFO - Hamma foydalanuvchilarga bot ishdan to'xtagani haqida xabar yuborildi.
2025-01-13 04:40:20,842 - aiogram.dispatcher - INFO - Polling stopped for bot @Andijon2_Toshkent9_Taxi05_bot id=6870414572 - 'Andijon_Toshkent_Taxi'
2025-01-13 04:40:26,098 - bot.management.commands.run_bot - INFO - Buyruqlar o'rnatildi.
2025-01-13 04:40:26,099 - bot.management.commands.run_bot - INFO - Router ulandi.
2025-01-13 04:40:26,329 - root - INFO - Hamma foydalanuvchilarga bot ishga tushgani haqida xabar yuborildi.
2025-01-13 04:40:26,329 - aiogram.dispatcher - INFO - Start polling
2025-01-13 04:40:26,437 - aiogram.dispatcher - INFO - Run polling for bot @Andijon2_Toshkent9_Taxi05_bot id=6870414572 - 'Andijon_Toshkent_Taxi'
2025-01-13 04:40:34,025 - aiogram.event - INFO - Update id=667158598 is handled. Duration 328 ms by bot id=6870414572
2025-01-13 04:40:35,414 - aiogram.event - INFO - Update id=667158599 is handled. Duration 250 ms by bot id=6870414572
2025-01-13 04:40:36,149 - aiogram.event - INFO - Update id=667158600 is handled. Duration 156 ms by bot id=6870414572
2025-01-13 04:40:43,056 - aiogram.event - INFO - Update id=667158601 is handled. Duration 280 ms by bot id=6870414572
2025-01-13 04:40:47,591 - aiogram.event - INFO - Update id=667158602 is not handled. Duration 61 ms by bot id=6870414572
2025-01-13 04:40:47,592 - aiogram.event - ERROR - Cause exception while process update id=667158602 by bot id=6870414572
IntegrityError: :   NULL   "end_date"  "account_vippackagepurchase"   NOT NULL
DETAIL:     (1, 2025-01-12 23:40:47.563191+00, null, 1, 1).
Traceback (most recent call last):
  File "C:\Users\user\Desktop\WebBot\venv\Lib\site-packages\django\db\backends\utils.py", line 89, in _execute
    return self.cursor.execute(sql, params)
           ^^^^^^^^^^^^^^^^^^^^^^^^^^^^^^^^
psycopg2.errors.NotNullViolation: :   NULL   "end_date"  "account_vippackagepurchase"   NOT NULL
DETAIL:     (1, 2025-01-12 23:40:47.563191+00, null, 1, 1).


The above exception was the direct cause of the following exception:

Traceback (most recent call last):
  File "C:\Users\user\Desktop\WebBot\venv\Lib\site-packages\aiogram\dispatcher\dispatcher.py", line 309, in _process_update
    response = await self.feed_update(bot, update, **kwargs)
               ^^^^^^^^^^^^^^^^^^^^^^^^^^^^^^^^^^^^^^^^^^^^^
  File "C:\Users\user\Desktop\WebBot\venv\Lib\site-packages\aiogram\dispatcher\dispatcher.py", line 158, in feed_update
    response = await self.update.wrap_outer_middleware(
               ^^^^^^^^^^^^^^^^^^^^^^^^^^^^^^^^^^^^^^^^
  File "C:\Users\user\Desktop\WebBot\venv\Lib\site-packages\aiogram\dispatcher\middlewares\error.py", line 25, in __call__
    return await handler(event, data)
           ^^^^^^^^^^^^^^^^^^^^^^^^^^
  File "C:\Users\user\Desktop\WebBot\venv\Lib\site-packages\aiogram\dispatcher\middlewares\user_context.py", line 27, in __call__
    return await handler(event, data)
           ^^^^^^^^^^^^^^^^^^^^^^^^^^
  File "C:\Users\user\Desktop\WebBot\venv\Lib\site-packages\aiogram\fsm\middleware.py", line 41, in __call__
    return await handler(event, data)
           ^^^^^^^^^^^^^^^^^^^^^^^^^^
  File "C:\Users\user\Desktop\WebBot\venv\Lib\site-packages\aiogram\dispatcher\event\telegram.py", line 121, in trigger
    return await wrapped_inner(event, kwargs)
           ^^^^^^^^^^^^^^^^^^^^^^^^^^^^^^^^^^
  File "C:\Users\user\Desktop\WebBot\venv\Lib\site-packages\aiogram\dispatcher\event\handler.py", line 43, in call
    return await wrapped()
           ^^^^^^^^^^^^^^^
  File "C:\Users\user\Desktop\WebBot\venv\Lib\site-packages\aiogram\dispatcher\dispatcher.py", line 276, in _listen_update
    return await self.propagate_event(update_type=update_type, event=event, **kwargs)
           ^^^^^^^^^^^^^^^^^^^^^^^^^^^^^^^^^^^^^^^^^^^^^^^^^^^^^^^^^^^^^^^^^^^^^^^^^^
  File "C:\Users\user\Desktop\WebBot\venv\Lib\site-packages\aiogram\dispatcher\router.py", line 128, in propagate_event
    return await observer.wrap_outer_middleware(_wrapped, event=event, data=kwargs)
           ^^^^^^^^^^^^^^^^^^^^^^^^^^^^^^^^^^^^^^^^^^^^^^^^^^^^^^^^^^^^^^^^^^^^^^^^
  File "C:\Users\user\Desktop\WebBot\venv\Lib\site-packages\aiogram\dispatcher\router.py", line 123, in _wrapped
    return await self._propagate_event(
           ^^^^^^^^^^^^^^^^^^^^^^^^^^^^
  File "C:\Users\user\Desktop\WebBot\venv\Lib\site-packages\aiogram\dispatcher\router.py", line 156, in _propagate_event
    response = await router.propagate_event(update_type=update_type, event=event, **kwargs)
               ^^^^^^^^^^^^^^^^^^^^^^^^^^^^^^^^^^^^^^^^^^^^^^^^^^^^^^^^^^^^^^^^^^^^^^^^^^^^
  File "C:\Users\user\Desktop\WebBot\venv\Lib\site-packages\aiogram\dispatcher\router.py", line 128, in propagate_event
    return await observer.wrap_outer_middleware(_wrapped, event=event, data=kwargs)
           ^^^^^^^^^^^^^^^^^^^^^^^^^^^^^^^^^^^^^^^^^^^^^^^^^^^^^^^^^^^^^^^^^^^^^^^^
  File "C:\Users\user\Desktop\WebBot\venv\Lib\site-packages\aiogram\dispatcher\router.py", line 123, in _wrapped
    return await self._propagate_event(
           ^^^^^^^^^^^^^^^^^^^^^^^^^^^^
  File "C:\Users\user\Desktop\WebBot\venv\Lib\site-packages\aiogram\dispatcher\router.py", line 156, in _propagate_event
    response = await router.propagate_event(update_type=update_type, event=event, **kwargs)
               ^^^^^^^^^^^^^^^^^^^^^^^^^^^^^^^^^^^^^^^^^^^^^^^^^^^^^^^^^^^^^^^^^^^^^^^^^^^^
  File "C:\Users\user\Desktop\WebBot\venv\Lib\site-packages\aiogram\dispatcher\router.py", line 128, in propagate_event
    return await observer.wrap_outer_middleware(_wrapped, event=event, data=kwargs)
           ^^^^^^^^^^^^^^^^^^^^^^^^^^^^^^^^^^^^^^^^^^^^^^^^^^^^^^^^^^^^^^^^^^^^^^^^
  File "C:\Users\user\Desktop\WebBot\venv\Lib\site-packages\aiogram\dispatcher\router.py", line 123, in _wrapped
    return await self._propagate_event(
           ^^^^^^^^^^^^^^^^^^^^^^^^^^^^
  File "C:\Users\user\Desktop\WebBot\venv\Lib\site-packages\aiogram\dispatcher\router.py", line 148, in _propagate_event
    response = await observer.trigger(event, **kwargs)
               ^^^^^^^^^^^^^^^^^^^^^^^^^^^^^^^^^^^^^^^
  File "C:\Users\user\Desktop\WebBot\venv\Lib\site-packages\aiogram\dispatcher\event\telegram.py", line 121, in trigger
    return await wrapped_inner(event, kwargs)
           ^^^^^^^^^^^^^^^^^^^^^^^^^^^^^^^^^^
  File "C:\Users\user\Desktop\WebBot\venv\Lib\site-packages\aiogram\dispatcher\event\handler.py", line 43, in call
    return await wrapped()
           ^^^^^^^^^^^^^^^
  File "C:\Users\user\Desktop\WebBot\bot\headers\handlers.py", line 391, in confirm_purchase
    await sync_to_async(user.vip_packages.add)(package)
  File "C:\Users\user\Desktop\WebBot\venv\Lib\site-packages\asgiref\sync.py", line 468, in __call__
    ret = await asyncio.shield(exec_coro)
          ^^^^^^^^^^^^^^^^^^^^^^^^^^^^^^^
  File "C:\Users\user\AppData\Local\Programs\Python\Python311\Lib\concurrent\futures\thread.py", line 58, in run
    result = self.fn(*self.args, **self.kwargs)
             ^^^^^^^^^^^^^^^^^^^^^^^^^^^^^^^^^^
  File "C:\Users\user\Desktop\WebBot\venv\Lib\site-packages\asgiref\sync.py", line 522, in thread_handler
    return func(*args, **kwargs)
           ^^^^^^^^^^^^^^^^^^^^^
  File "C:\Users\user\Desktop\WebBot\venv\Lib\site-packages\django\db\models\fields\related_descriptors.py", line 1137, in add
    self._add_items(
  File "C:\Users\user\Desktop\WebBot\venv\Lib\site-packages\django\db\models\fields\related_descriptors.py", line 1432, in _add_items
    self.through._default_manager.using(db).bulk_create(
  File "C:\Users\user\Desktop\WebBot\venv\Lib\site-packages\django\db\models\query.py", line 803, in bulk_create
    returned_columns = self._batched_insert(
                       ^^^^^^^^^^^^^^^^^^^^^
  File "C:\Users\user\Desktop\WebBot\venv\Lib\site-packages\django\db\models\query.py", line 1831, in _batched_insert
    self._insert(
  File "C:\Users\user\Desktop\WebBot\venv\Lib\site-packages\django\db\models\query.py", line 1805, in _insert
    return query.get_compiler(using=using).execute_sql(returning_fields)
           ^^^^^^^^^^^^^^^^^^^^^^^^^^^^^^^^^^^^^^^^^^^^^^^^^^^^^^^^^^^^^
  File "C:\Users\user\Desktop\WebBot\venv\Lib\site-packages\django\db\models\sql\compiler.py", line 1820, in execute_sql
    cursor.execute(sql, params)
  File "C:\Users\user\Desktop\WebBot\venv\Lib\site-packages\django\db\backends\utils.py", line 102, in execute
    return super().execute(sql, params)
           ^^^^^^^^^^^^^^^^^^^^^^^^^^^^
  File "C:\Users\user\Desktop\WebBot\venv\Lib\site-packages\django\db\backends\utils.py", line 67, in execute
    return self._execute_with_wrappers(
           ^^^^^^^^^^^^^^^^^^^^^^^^^^^^
  File "C:\Users\user\Desktop\WebBot\venv\Lib\site-packages\django\db\backends\utils.py", line 80, in _execute_with_wrappers
    return executor(sql, params, many, context)
           ^^^^^^^^^^^^^^^^^^^^^^^^^^^^^^^^^^^^
  File "C:\Users\user\Desktop\WebBot\venv\Lib\site-packages\django\db\backends\utils.py", line 84, in _execute
    with self.db.wrap_database_errors:
  File "C:\Users\user\Desktop\WebBot\venv\Lib\site-packages\django\db\utils.py", line 91, in __exit__
    raise dj_exc_value.with_traceback(traceback) from exc_value
  File "C:\Users\user\Desktop\WebBot\venv\Lib\site-packages\django\db\backends\utils.py", line 89, in _execute
    return self.cursor.execute(sql, params)
           ^^^^^^^^^^^^^^^^^^^^^^^^^^^^^^^^
django.db.utils.IntegrityError: :   NULL   "end_date"  "account_vippackagepurchase"   NOT NULL
DETAIL:     (1, 2025-01-12 23:40:47.563191+00, null, 1, 1).

2025-01-13 04:46:34,823 - aiogram.dispatcher - INFO - Polling stopped
2025-01-13 04:46:35,163 - root - INFO - Hamma foydalanuvchilarga bot ishdan to'xtagani haqida xabar yuborildi.
2025-01-13 04:46:35,419 - aiogram.dispatcher - INFO - Polling stopped for bot @Andijon2_Toshkent9_Taxi05_bot id=6870414572 - 'Andijon_Toshkent_Taxi'
2025-01-13 04:46:40,282 - bot.management.commands.run_bot - INFO - Buyruqlar o'rnatildi.
2025-01-13 04:46:40,283 - bot.management.commands.run_bot - INFO - Router ulandi.
2025-01-13 04:46:40,511 - root - INFO - Hamma foydalanuvchilarga bot ishga tushgani haqida xabar yuborildi.
2025-01-13 04:46:40,513 - aiogram.dispatcher - INFO - Start polling
2025-01-13 04:46:40,612 - aiogram.dispatcher - INFO - Run polling for bot @Andijon2_Toshkent9_Taxi05_bot id=6870414572 - 'Andijon_Toshkent_Taxi'
2025-01-13 04:46:47,771 - aiogram.event - INFO - Update id=667158603 is handled. Duration 328 ms by bot id=6870414572
2025-01-13 04:46:48,834 - aiogram.event - INFO - Update id=667158604 is handled. Duration 235 ms by bot id=6870414572
2025-01-13 04:46:49,564 - aiogram.event - INFO - Update id=667158605 is handled. Duration 125 ms by bot id=6870414572
2025-01-13 04:46:56,445 - aiogram.event - INFO - Update id=667158606 is handled. Duration 313 ms by bot id=6870414572
2025-01-13 04:47:01,017 - aiogram.event - INFO - Update id=667158607 is not handled. Duration 30 ms by bot id=6870414572
2025-01-13 04:47:01,018 - aiogram.event - ERROR - Cause exception while process update id=667158607 by bot id=6870414572
IntegrityError: :   NULL   "end_date"  "account_vippackagepurchase"   NOT NULL
DETAIL:     (2, 2025-01-12 23:47:01.013612+00, null, 1, 1).
Traceback (most recent call last):
  File "C:\Users\user\Desktop\WebBot\venv\Lib\site-packages\django\db\backends\utils.py", line 89, in _execute
    return self.cursor.execute(sql, params)
           ^^^^^^^^^^^^^^^^^^^^^^^^^^^^^^^^
psycopg2.errors.NotNullViolation: :   NULL   "end_date"  "account_vippackagepurchase"   NOT NULL
DETAIL:     (2, 2025-01-12 23:47:01.013612+00, null, 1, 1).


The above exception was the direct cause of the following exception:

Traceback (most recent call last):
  File "C:\Users\user\Desktop\WebBot\venv\Lib\site-packages\aiogram\dispatcher\dispatcher.py", line 309, in _process_update
    response = await self.feed_update(bot, update, **kwargs)
               ^^^^^^^^^^^^^^^^^^^^^^^^^^^^^^^^^^^^^^^^^^^^^
  File "C:\Users\user\Desktop\WebBot\venv\Lib\site-packages\aiogram\dispatcher\dispatcher.py", line 158, in feed_update
    response = await self.update.wrap_outer_middleware(
               ^^^^^^^^^^^^^^^^^^^^^^^^^^^^^^^^^^^^^^^^
  File "C:\Users\user\Desktop\WebBot\venv\Lib\site-packages\aiogram\dispatcher\middlewares\error.py", line 25, in __call__
    return await handler(event, data)
           ^^^^^^^^^^^^^^^^^^^^^^^^^^
  File "C:\Users\user\Desktop\WebBot\venv\Lib\site-packages\aiogram\dispatcher\middlewares\user_context.py", line 27, in __call__
    return await handler(event, data)
           ^^^^^^^^^^^^^^^^^^^^^^^^^^
  File "C:\Users\user\Desktop\WebBot\venv\Lib\site-packages\aiogram\fsm\middleware.py", line 41, in __call__
    return await handler(event, data)
           ^^^^^^^^^^^^^^^^^^^^^^^^^^
  File "C:\Users\user\Desktop\WebBot\venv\Lib\site-packages\aiogram\dispatcher\event\telegram.py", line 121, in trigger
    return await wrapped_inner(event, kwargs)
           ^^^^^^^^^^^^^^^^^^^^^^^^^^^^^^^^^^
  File "C:\Users\user\Desktop\WebBot\venv\Lib\site-packages\aiogram\dispatcher\event\handler.py", line 43, in call
    return await wrapped()
           ^^^^^^^^^^^^^^^
  File "C:\Users\user\Desktop\WebBot\venv\Lib\site-packages\aiogram\dispatcher\dispatcher.py", line 276, in _listen_update
    return await self.propagate_event(update_type=update_type, event=event, **kwargs)
           ^^^^^^^^^^^^^^^^^^^^^^^^^^^^^^^^^^^^^^^^^^^^^^^^^^^^^^^^^^^^^^^^^^^^^^^^^^
  File "C:\Users\user\Desktop\WebBot\venv\Lib\site-packages\aiogram\dispatcher\router.py", line 128, in propagate_event
    return await observer.wrap_outer_middleware(_wrapped, event=event, data=kwargs)
           ^^^^^^^^^^^^^^^^^^^^^^^^^^^^^^^^^^^^^^^^^^^^^^^^^^^^^^^^^^^^^^^^^^^^^^^^
  File "C:\Users\user\Desktop\WebBot\venv\Lib\site-packages\aiogram\dispatcher\router.py", line 123, in _wrapped
    return await self._propagate_event(
           ^^^^^^^^^^^^^^^^^^^^^^^^^^^^
  File "C:\Users\user\Desktop\WebBot\venv\Lib\site-packages\aiogram\dispatcher\router.py", line 156, in _propagate_event
    response = await router.propagate_event(update_type=update_type, event=event, **kwargs)
               ^^^^^^^^^^^^^^^^^^^^^^^^^^^^^^^^^^^^^^^^^^^^^^^^^^^^^^^^^^^^^^^^^^^^^^^^^^^^
  File "C:\Users\user\Desktop\WebBot\venv\Lib\site-packages\aiogram\dispatcher\router.py", line 128, in propagate_event
    return await observer.wrap_outer_middleware(_wrapped, event=event, data=kwargs)
           ^^^^^^^^^^^^^^^^^^^^^^^^^^^^^^^^^^^^^^^^^^^^^^^^^^^^^^^^^^^^^^^^^^^^^^^^
  File "C:\Users\user\Desktop\WebBot\venv\Lib\site-packages\aiogram\dispatcher\router.py", line 123, in _wrapped
    return await self._propagate_event(
           ^^^^^^^^^^^^^^^^^^^^^^^^^^^^
  File "C:\Users\user\Desktop\WebBot\venv\Lib\site-packages\aiogram\dispatcher\router.py", line 156, in _propagate_event
    response = await router.propagate_event(update_type=update_type, event=event, **kwargs)
               ^^^^^^^^^^^^^^^^^^^^^^^^^^^^^^^^^^^^^^^^^^^^^^^^^^^^^^^^^^^^^^^^^^^^^^^^^^^^
  File "C:\Users\user\Desktop\WebBot\venv\Lib\site-packages\aiogram\dispatcher\router.py", line 128, in propagate_event
    return await observer.wrap_outer_middleware(_wrapped, event=event, data=kwargs)
           ^^^^^^^^^^^^^^^^^^^^^^^^^^^^^^^^^^^^^^^^^^^^^^^^^^^^^^^^^^^^^^^^^^^^^^^^
  File "C:\Users\user\Desktop\WebBot\venv\Lib\site-packages\aiogram\dispatcher\router.py", line 123, in _wrapped
    return await self._propagate_event(
           ^^^^^^^^^^^^^^^^^^^^^^^^^^^^
  File "C:\Users\user\Desktop\WebBot\venv\Lib\site-packages\aiogram\dispatcher\router.py", line 148, in _propagate_event
    response = await observer.trigger(event, **kwargs)
               ^^^^^^^^^^^^^^^^^^^^^^^^^^^^^^^^^^^^^^^
  File "C:\Users\user\Desktop\WebBot\venv\Lib\site-packages\aiogram\dispatcher\event\telegram.py", line 121, in trigger
    return await wrapped_inner(event, kwargs)
           ^^^^^^^^^^^^^^^^^^^^^^^^^^^^^^^^^^
  File "C:\Users\user\Desktop\WebBot\venv\Lib\site-packages\aiogram\dispatcher\event\handler.py", line 43, in call
    return await wrapped()
           ^^^^^^^^^^^^^^^
  File "C:\Users\user\Desktop\WebBot\bot\headers\handlers.py", line 391, in confirm_purchase
    await sync_to_async(user.vip_packages.add)(package)
  File "C:\Users\user\Desktop\WebBot\venv\Lib\site-packages\asgiref\sync.py", line 468, in __call__
    ret = await asyncio.shield(exec_coro)
          ^^^^^^^^^^^^^^^^^^^^^^^^^^^^^^^
  File "C:\Users\user\AppData\Local\Programs\Python\Python311\Lib\concurrent\futures\thread.py", line 58, in run
    result = self.fn(*self.args, **self.kwargs)
             ^^^^^^^^^^^^^^^^^^^^^^^^^^^^^^^^^^
  File "C:\Users\user\Desktop\WebBot\venv\Lib\site-packages\asgiref\sync.py", line 522, in thread_handler
    return func(*args, **kwargs)
           ^^^^^^^^^^^^^^^^^^^^^
  File "C:\Users\user\Desktop\WebBot\venv\Lib\site-packages\django\db\models\fields\related_descriptors.py", line 1137, in add
    self._add_items(
  File "C:\Users\user\Desktop\WebBot\venv\Lib\site-packages\django\db\models\fields\related_descriptors.py", line 1432, in _add_items
    self.through._default_manager.using(db).bulk_create(
  File "C:\Users\user\Desktop\WebBot\venv\Lib\site-packages\django\db\models\query.py", line 803, in bulk_create
    returned_columns = self._batched_insert(
                       ^^^^^^^^^^^^^^^^^^^^^
  File "C:\Users\user\Desktop\WebBot\venv\Lib\site-packages\django\db\models\query.py", line 1831, in _batched_insert
    self._insert(
  File "C:\Users\user\Desktop\WebBot\venv\Lib\site-packages\django\db\models\query.py", line 1805, in _insert
    return query.get_compiler(using=using).execute_sql(returning_fields)
           ^^^^^^^^^^^^^^^^^^^^^^^^^^^^^^^^^^^^^^^^^^^^^^^^^^^^^^^^^^^^^
  File "C:\Users\user\Desktop\WebBot\venv\Lib\site-packages\django\db\models\sql\compiler.py", line 1820, in execute_sql
    cursor.execute(sql, params)
  File "C:\Users\user\Desktop\WebBot\venv\Lib\site-packages\django\db\backends\utils.py", line 102, in execute
    return super().execute(sql, params)
           ^^^^^^^^^^^^^^^^^^^^^^^^^^^^
  File "C:\Users\user\Desktop\WebBot\venv\Lib\site-packages\django\db\backends\utils.py", line 67, in execute
    return self._execute_with_wrappers(
           ^^^^^^^^^^^^^^^^^^^^^^^^^^^^
  File "C:\Users\user\Desktop\WebBot\venv\Lib\site-packages\django\db\backends\utils.py", line 80, in _execute_with_wrappers
    return executor(sql, params, many, context)
           ^^^^^^^^^^^^^^^^^^^^^^^^^^^^^^^^^^^^
  File "C:\Users\user\Desktop\WebBot\venv\Lib\site-packages\django\db\backends\utils.py", line 84, in _execute
    with self.db.wrap_database_errors:
  File "C:\Users\user\Desktop\WebBot\venv\Lib\site-packages\django\db\utils.py", line 91, in __exit__
    raise dj_exc_value.with_traceback(traceback) from exc_value
  File "C:\Users\user\Desktop\WebBot\venv\Lib\site-packages\django\db\backends\utils.py", line 89, in _execute
    return self.cursor.execute(sql, params)
           ^^^^^^^^^^^^^^^^^^^^^^^^^^^^^^^^
django.db.utils.IntegrityError: :   NULL   "end_date"  "account_vippackagepurchase"   NOT NULL
DETAIL:     (2, 2025-01-12 23:47:01.013612+00, null, 1, 1).

2025-01-13 04:54:17,783 - aiogram.dispatcher - INFO - Polling stopped
2025-01-13 04:54:18,250 - root - INFO - Hamma foydalanuvchilarga bot ishdan to'xtagani haqida xabar yuborildi.
2025-01-13 04:54:18,508 - aiogram.dispatcher - INFO - Polling stopped for bot @Andijon2_Toshkent9_Taxi05_bot id=6870414572 - 'Andijon_Toshkent_Taxi'
2025-01-13 04:54:24,490 - bot.management.commands.run_bot - INFO - Buyruqlar o'rnatildi.
2025-01-13 04:54:24,491 - bot.management.commands.run_bot - INFO - Router ulandi.
2025-01-13 04:54:24,722 - root - INFO - Hamma foydalanuvchilarga bot ishga tushgani haqida xabar yuborildi.
2025-01-13 04:54:24,723 - aiogram.dispatcher - INFO - Start polling
2025-01-13 04:54:24,831 - aiogram.dispatcher - INFO - Run polling for bot @Andijon2_Toshkent9_Taxi05_bot id=6870414572 - 'Andijon_Toshkent_Taxi'
2025-01-13 04:54:32,795 - aiogram.event - INFO - Update id=667158608 is handled. Duration 359 ms by bot id=6870414572
2025-01-13 04:54:33,988 - aiogram.event - INFO - Update id=667158609 is handled. Duration 219 ms by bot id=6870414572
2025-01-13 04:54:35,252 - aiogram.event - INFO - Update id=667158610 is handled. Duration 389 ms by bot id=6870414572
2025-01-13 04:54:35,806 - aiogram.event - INFO - Update id=667158611 is handled. Duration 140 ms by bot id=6870414572
2025-01-13 04:54:42,189 - aiogram.event - INFO - Update id=667158612 is handled. Duration 312 ms by bot id=6870414572
2025-01-13 04:54:46,267 - aiogram.event - INFO - Update id=667158613 is not handled. Duration 46 ms by bot id=6870414572
2025-01-13 04:54:46,267 - aiogram.event - ERROR - Cause exception while process update id=667158613 by bot id=6870414572
IntegrityError: :   NULL   "end_date"  "account_vippackagepurchase"   NOT NULL
DETAIL:     (3, 2025-01-12 23:54:46.256279+00, null, 1, 1).
Traceback (most recent call last):
  File "C:\Users\user\Desktop\WebBot\venv\Lib\site-packages\django\db\backends\utils.py", line 89, in _execute
    return self.cursor.execute(sql, params)
           ^^^^^^^^^^^^^^^^^^^^^^^^^^^^^^^^
psycopg2.errors.NotNullViolation: :   NULL   "end_date"  "account_vippackagepurchase"   NOT NULL
DETAIL:     (3, 2025-01-12 23:54:46.256279+00, null, 1, 1).


The above exception was the direct cause of the following exception:

Traceback (most recent call last):
  File "C:\Users\user\Desktop\WebBot\venv\Lib\site-packages\aiogram\dispatcher\dispatcher.py", line 309, in _process_update
    response = await self.feed_update(bot, update, **kwargs)
               ^^^^^^^^^^^^^^^^^^^^^^^^^^^^^^^^^^^^^^^^^^^^^
  File "C:\Users\user\Desktop\WebBot\venv\Lib\site-packages\aiogram\dispatcher\dispatcher.py", line 158, in feed_update
    response = await self.update.wrap_outer_middleware(
               ^^^^^^^^^^^^^^^^^^^^^^^^^^^^^^^^^^^^^^^^
  File "C:\Users\user\Desktop\WebBot\venv\Lib\site-packages\aiogram\dispatcher\middlewares\error.py", line 25, in __call__
    return await handler(event, data)
           ^^^^^^^^^^^^^^^^^^^^^^^^^^
  File "C:\Users\user\Desktop\WebBot\venv\Lib\site-packages\aiogram\dispatcher\middlewares\user_context.py", line 27, in __call__
    return await handler(event, data)
           ^^^^^^^^^^^^^^^^^^^^^^^^^^
  File "C:\Users\user\Desktop\WebBot\venv\Lib\site-packages\aiogram\fsm\middleware.py", line 41, in __call__
    return await handler(event, data)
           ^^^^^^^^^^^^^^^^^^^^^^^^^^
  File "C:\Users\user\Desktop\WebBot\venv\Lib\site-packages\aiogram\dispatcher\event\telegram.py", line 121, in trigger
    return await wrapped_inner(event, kwargs)
           ^^^^^^^^^^^^^^^^^^^^^^^^^^^^^^^^^^
  File "C:\Users\user\Desktop\WebBot\venv\Lib\site-packages\aiogram\dispatcher\event\handler.py", line 43, in call
    return await wrapped()
           ^^^^^^^^^^^^^^^
  File "C:\Users\user\Desktop\WebBot\venv\Lib\site-packages\aiogram\dispatcher\dispatcher.py", line 276, in _listen_update
    return await self.propagate_event(update_type=update_type, event=event, **kwargs)
           ^^^^^^^^^^^^^^^^^^^^^^^^^^^^^^^^^^^^^^^^^^^^^^^^^^^^^^^^^^^^^^^^^^^^^^^^^^
  File "C:\Users\user\Desktop\WebBot\venv\Lib\site-packages\aiogram\dispatcher\router.py", line 128, in propagate_event
    return await observer.wrap_outer_middleware(_wrapped, event=event, data=kwargs)
           ^^^^^^^^^^^^^^^^^^^^^^^^^^^^^^^^^^^^^^^^^^^^^^^^^^^^^^^^^^^^^^^^^^^^^^^^
  File "C:\Users\user\Desktop\WebBot\venv\Lib\site-packages\aiogram\dispatcher\router.py", line 123, in _wrapped
    return await self._propagate_event(
           ^^^^^^^^^^^^^^^^^^^^^^^^^^^^
  File "C:\Users\user\Desktop\WebBot\venv\Lib\site-packages\aiogram\dispatcher\router.py", line 156, in _propagate_event
    response = await router.propagate_event(update_type=update_type, event=event, **kwargs)
               ^^^^^^^^^^^^^^^^^^^^^^^^^^^^^^^^^^^^^^^^^^^^^^^^^^^^^^^^^^^^^^^^^^^^^^^^^^^^
  File "C:\Users\user\Desktop\WebBot\venv\Lib\site-packages\aiogram\dispatcher\router.py", line 128, in propagate_event
    return await observer.wrap_outer_middleware(_wrapped, event=event, data=kwargs)
           ^^^^^^^^^^^^^^^^^^^^^^^^^^^^^^^^^^^^^^^^^^^^^^^^^^^^^^^^^^^^^^^^^^^^^^^^
  File "C:\Users\user\Desktop\WebBot\venv\Lib\site-packages\aiogram\dispatcher\router.py", line 123, in _wrapped
    return await self._propagate_event(
           ^^^^^^^^^^^^^^^^^^^^^^^^^^^^
  File "C:\Users\user\Desktop\WebBot\venv\Lib\site-packages\aiogram\dispatcher\router.py", line 156, in _propagate_event
    response = await router.propagate_event(update_type=update_type, event=event, **kwargs)
               ^^^^^^^^^^^^^^^^^^^^^^^^^^^^^^^^^^^^^^^^^^^^^^^^^^^^^^^^^^^^^^^^^^^^^^^^^^^^
  File "C:\Users\user\Desktop\WebBot\venv\Lib\site-packages\aiogram\dispatcher\router.py", line 128, in propagate_event
    return await observer.wrap_outer_middleware(_wrapped, event=event, data=kwargs)
           ^^^^^^^^^^^^^^^^^^^^^^^^^^^^^^^^^^^^^^^^^^^^^^^^^^^^^^^^^^^^^^^^^^^^^^^^
  File "C:\Users\user\Desktop\WebBot\venv\Lib\site-packages\aiogram\dispatcher\router.py", line 123, in _wrapped
    return await self._propagate_event(
           ^^^^^^^^^^^^^^^^^^^^^^^^^^^^
  File "C:\Users\user\Desktop\WebBot\venv\Lib\site-packages\aiogram\dispatcher\router.py", line 148, in _propagate_event
    response = await observer.trigger(event, **kwargs)
               ^^^^^^^^^^^^^^^^^^^^^^^^^^^^^^^^^^^^^^^
  File "C:\Users\user\Desktop\WebBot\venv\Lib\site-packages\aiogram\dispatcher\event\telegram.py", line 121, in trigger
    return await wrapped_inner(event, kwargs)
           ^^^^^^^^^^^^^^^^^^^^^^^^^^^^^^^^^^
  File "C:\Users\user\Desktop\WebBot\venv\Lib\site-packages\aiogram\dispatcher\event\handler.py", line 43, in call
    return await wrapped()
           ^^^^^^^^^^^^^^^
  File "C:\Users\user\Desktop\WebBot\bot\headers\handlers.py", line 392, in confirm_purchase
    await sync_to_async(user.vip_packages.add)(package)
  File "C:\Users\user\Desktop\WebBot\venv\Lib\site-packages\asgiref\sync.py", line 468, in __call__
    ret = await asyncio.shield(exec_coro)
          ^^^^^^^^^^^^^^^^^^^^^^^^^^^^^^^
  File "C:\Users\user\AppData\Local\Programs\Python\Python311\Lib\concurrent\futures\thread.py", line 58, in run
    result = self.fn(*self.args, **self.kwargs)
             ^^^^^^^^^^^^^^^^^^^^^^^^^^^^^^^^^^
  File "C:\Users\user\Desktop\WebBot\venv\Lib\site-packages\asgiref\sync.py", line 522, in thread_handler
    return func(*args, **kwargs)
           ^^^^^^^^^^^^^^^^^^^^^
  File "C:\Users\user\Desktop\WebBot\venv\Lib\site-packages\django\db\models\fields\related_descriptors.py", line 1137, in add
    self._add_items(
  File "C:\Users\user\Desktop\WebBot\venv\Lib\site-packages\django\db\models\fields\related_descriptors.py", line 1432, in _add_items
    self.through._default_manager.using(db).bulk_create(
  File "C:\Users\user\Desktop\WebBot\venv\Lib\site-packages\django\db\models\query.py", line 803, in bulk_create
    returned_columns = self._batched_insert(
                       ^^^^^^^^^^^^^^^^^^^^^
  File "C:\Users\user\Desktop\WebBot\venv\Lib\site-packages\django\db\models\query.py", line 1831, in _batched_insert
    self._insert(
  File "C:\Users\user\Desktop\WebBot\venv\Lib\site-packages\django\db\models\query.py", line 1805, in _insert
    return query.get_compiler(using=using).execute_sql(returning_fields)
           ^^^^^^^^^^^^^^^^^^^^^^^^^^^^^^^^^^^^^^^^^^^^^^^^^^^^^^^^^^^^^
  File "C:\Users\user\Desktop\WebBot\venv\Lib\site-packages\django\db\models\sql\compiler.py", line 1820, in execute_sql
    cursor.execute(sql, params)
  File "C:\Users\user\Desktop\WebBot\venv\Lib\site-packages\django\db\backends\utils.py", line 102, in execute
    return super().execute(sql, params)
           ^^^^^^^^^^^^^^^^^^^^^^^^^^^^
  File "C:\Users\user\Desktop\WebBot\venv\Lib\site-packages\django\db\backends\utils.py", line 67, in execute
    return self._execute_with_wrappers(
           ^^^^^^^^^^^^^^^^^^^^^^^^^^^^
  File "C:\Users\user\Desktop\WebBot\venv\Lib\site-packages\django\db\backends\utils.py", line 80, in _execute_with_wrappers
    return executor(sql, params, many, context)
           ^^^^^^^^^^^^^^^^^^^^^^^^^^^^^^^^^^^^
  File "C:\Users\user\Desktop\WebBot\venv\Lib\site-packages\django\db\backends\utils.py", line 84, in _execute
    with self.db.wrap_database_errors:
  File "C:\Users\user\Desktop\WebBot\venv\Lib\site-packages\django\db\utils.py", line 91, in __exit__
    raise dj_exc_value.with_traceback(traceback) from exc_value
  File "C:\Users\user\Desktop\WebBot\venv\Lib\site-packages\django\db\backends\utils.py", line 89, in _execute
    return self.cursor.execute(sql, params)
           ^^^^^^^^^^^^^^^^^^^^^^^^^^^^^^^^
django.db.utils.IntegrityError: :   NULL   "end_date"  "account_vippackagepurchase"   NOT NULL
DETAIL:     (3, 2025-01-12 23:54:46.256279+00, null, 1, 1).

2025-01-13 04:55:50,980 - aiogram.dispatcher - INFO - Polling stopped
2025-01-13 04:55:51,350 - root - INFO - Hamma foydalanuvchilarga bot ishdan to'xtagani haqida xabar yuborildi.
2025-01-13 04:55:51,626 - aiogram.dispatcher - INFO - Polling stopped for bot @Andijon2_Toshkent9_Taxi05_bot id=6870414572 - 'Andijon_Toshkent_Taxi'
2025-01-13 04:55:56,884 - bot.management.commands.run_bot - INFO - Buyruqlar o'rnatildi.
2025-01-13 04:55:56,885 - bot.management.commands.run_bot - INFO - Router ulandi.
2025-01-13 04:55:57,264 - root - INFO - Hamma foydalanuvchilarga bot ishga tushgani haqida xabar yuborildi.
2025-01-13 04:55:57,265 - aiogram.dispatcher - INFO - Start polling
2025-01-13 04:55:57,366 - aiogram.dispatcher - INFO - Run polling for bot @Andijon2_Toshkent9_Taxi05_bot id=6870414572 - 'Andijon_Toshkent_Taxi'
2025-01-13 04:56:02,852 - aiogram.event - INFO - Update id=667158614 is handled. Duration 360 ms by bot id=6870414572
2025-01-13 04:56:04,047 - aiogram.event - INFO - Update id=667158615 is handled. Duration 234 ms by bot id=6870414572
2025-01-13 04:56:04,763 - aiogram.event - INFO - Update id=667158616 is handled. Duration 125 ms by bot id=6870414572
2025-01-13 04:56:10,885 - aiogram.event - INFO - Update id=667158617 is handled. Duration 311 ms by bot id=6870414572
2025-01-13 04:56:16,931 - aiogram.event - INFO - Update id=667158618 is not handled. Duration 30 ms by bot id=6870414572
2025-01-13 04:56:16,932 - aiogram.event - ERROR - Cause exception while process update id=667158618 by bot id=6870414572
IntegrityError: :   NULL   "end_date"  "account_vippackagepurchase"   NOT NULL
DETAIL:     (4, 2025-01-12 23:56:16.925995+00, null, 1, 1).
Traceback (most recent call last):
  File "C:\Users\user\Desktop\WebBot\venv\Lib\site-packages\django\db\backends\utils.py", line 89, in _execute
    return self.cursor.execute(sql, params)
           ^^^^^^^^^^^^^^^^^^^^^^^^^^^^^^^^
psycopg2.errors.NotNullViolation: :   NULL   "end_date"  "account_vippackagepurchase"   NOT NULL
DETAIL:     (4, 2025-01-12 23:56:16.925995+00, null, 1, 1).


The above exception was the direct cause of the following exception:

Traceback (most recent call last):
  File "C:\Users\user\Desktop\WebBot\venv\Lib\site-packages\aiogram\dispatcher\dispatcher.py", line 309, in _process_update
    response = await self.feed_update(bot, update, **kwargs)
               ^^^^^^^^^^^^^^^^^^^^^^^^^^^^^^^^^^^^^^^^^^^^^
  File "C:\Users\user\Desktop\WebBot\venv\Lib\site-packages\aiogram\dispatcher\dispatcher.py", line 158, in feed_update
    response = await self.update.wrap_outer_middleware(
               ^^^^^^^^^^^^^^^^^^^^^^^^^^^^^^^^^^^^^^^^
  File "C:\Users\user\Desktop\WebBot\venv\Lib\site-packages\aiogram\dispatcher\middlewares\error.py", line 25, in __call__
    return await handler(event, data)
           ^^^^^^^^^^^^^^^^^^^^^^^^^^
  File "C:\Users\user\Desktop\WebBot\venv\Lib\site-packages\aiogram\dispatcher\middlewares\user_context.py", line 27, in __call__
    return await handler(event, data)
           ^^^^^^^^^^^^^^^^^^^^^^^^^^
  File "C:\Users\user\Desktop\WebBot\venv\Lib\site-packages\aiogram\fsm\middleware.py", line 41, in __call__
    return await handler(event, data)
           ^^^^^^^^^^^^^^^^^^^^^^^^^^
  File "C:\Users\user\Desktop\WebBot\venv\Lib\site-packages\aiogram\dispatcher\event\telegram.py", line 121, in trigger
    return await wrapped_inner(event, kwargs)
           ^^^^^^^^^^^^^^^^^^^^^^^^^^^^^^^^^^
  File "C:\Users\user\Desktop\WebBot\venv\Lib\site-packages\aiogram\dispatcher\event\handler.py", line 43, in call
    return await wrapped()
           ^^^^^^^^^^^^^^^
  File "C:\Users\user\Desktop\WebBot\venv\Lib\site-packages\aiogram\dispatcher\dispatcher.py", line 276, in _listen_update
    return await self.propagate_event(update_type=update_type, event=event, **kwargs)
           ^^^^^^^^^^^^^^^^^^^^^^^^^^^^^^^^^^^^^^^^^^^^^^^^^^^^^^^^^^^^^^^^^^^^^^^^^^
  File "C:\Users\user\Desktop\WebBot\venv\Lib\site-packages\aiogram\dispatcher\router.py", line 128, in propagate_event
    return await observer.wrap_outer_middleware(_wrapped, event=event, data=kwargs)
           ^^^^^^^^^^^^^^^^^^^^^^^^^^^^^^^^^^^^^^^^^^^^^^^^^^^^^^^^^^^^^^^^^^^^^^^^
  File "C:\Users\user\Desktop\WebBot\venv\Lib\site-packages\aiogram\dispatcher\router.py", line 123, in _wrapped
    return await self._propagate_event(
           ^^^^^^^^^^^^^^^^^^^^^^^^^^^^
  File "C:\Users\user\Desktop\WebBot\venv\Lib\site-packages\aiogram\dispatcher\router.py", line 156, in _propagate_event
    response = await router.propagate_event(update_type=update_type, event=event, **kwargs)
               ^^^^^^^^^^^^^^^^^^^^^^^^^^^^^^^^^^^^^^^^^^^^^^^^^^^^^^^^^^^^^^^^^^^^^^^^^^^^
  File "C:\Users\user\Desktop\WebBot\venv\Lib\site-packages\aiogram\dispatcher\router.py", line 128, in propagate_event
    return await observer.wrap_outer_middleware(_wrapped, event=event, data=kwargs)
           ^^^^^^^^^^^^^^^^^^^^^^^^^^^^^^^^^^^^^^^^^^^^^^^^^^^^^^^^^^^^^^^^^^^^^^^^
  File "C:\Users\user\Desktop\WebBot\venv\Lib\site-packages\aiogram\dispatcher\router.py", line 123, in _wrapped
    return await self._propagate_event(
           ^^^^^^^^^^^^^^^^^^^^^^^^^^^^
  File "C:\Users\user\Desktop\WebBot\venv\Lib\site-packages\aiogram\dispatcher\router.py", line 156, in _propagate_event
    response = await router.propagate_event(update_type=update_type, event=event, **kwargs)
               ^^^^^^^^^^^^^^^^^^^^^^^^^^^^^^^^^^^^^^^^^^^^^^^^^^^^^^^^^^^^^^^^^^^^^^^^^^^^
  File "C:\Users\user\Desktop\WebBot\venv\Lib\site-packages\aiogram\dispatcher\router.py", line 128, in propagate_event
    return await observer.wrap_outer_middleware(_wrapped, event=event, data=kwargs)
           ^^^^^^^^^^^^^^^^^^^^^^^^^^^^^^^^^^^^^^^^^^^^^^^^^^^^^^^^^^^^^^^^^^^^^^^^
  File "C:\Users\user\Desktop\WebBot\venv\Lib\site-packages\aiogram\dispatcher\router.py", line 123, in _wrapped
    return await self._propagate_event(
           ^^^^^^^^^^^^^^^^^^^^^^^^^^^^
  File "C:\Users\user\Desktop\WebBot\venv\Lib\site-packages\aiogram\dispatcher\router.py", line 148, in _propagate_event
    response = await observer.trigger(event, **kwargs)
               ^^^^^^^^^^^^^^^^^^^^^^^^^^^^^^^^^^^^^^^
  File "C:\Users\user\Desktop\WebBot\venv\Lib\site-packages\aiogram\dispatcher\event\telegram.py", line 121, in trigger
    return await wrapped_inner(event, kwargs)
           ^^^^^^^^^^^^^^^^^^^^^^^^^^^^^^^^^^
  File "C:\Users\user\Desktop\WebBot\venv\Lib\site-packages\aiogram\dispatcher\event\handler.py", line 43, in call
    return await wrapped()
           ^^^^^^^^^^^^^^^
  File "C:\Users\user\Desktop\WebBot\bot\headers\handlers.py", line 392, in confirm_purchase
    await sync_to_async(user.vip_packages.add)(package)
  File "C:\Users\user\Desktop\WebBot\venv\Lib\site-packages\asgiref\sync.py", line 468, in __call__
    ret = await asyncio.shield(exec_coro)
          ^^^^^^^^^^^^^^^^^^^^^^^^^^^^^^^
  File "C:\Users\user\AppData\Local\Programs\Python\Python311\Lib\concurrent\futures\thread.py", line 58, in run
    result = self.fn(*self.args, **self.kwargs)
             ^^^^^^^^^^^^^^^^^^^^^^^^^^^^^^^^^^
  File "C:\Users\user\Desktop\WebBot\venv\Lib\site-packages\asgiref\sync.py", line 522, in thread_handler
    return func(*args, **kwargs)
           ^^^^^^^^^^^^^^^^^^^^^
  File "C:\Users\user\Desktop\WebBot\venv\Lib\site-packages\django\db\models\fields\related_descriptors.py", line 1137, in add
    self._add_items(
  File "C:\Users\user\Desktop\WebBot\venv\Lib\site-packages\django\db\models\fields\related_descriptors.py", line 1432, in _add_items
    self.through._default_manager.using(db).bulk_create(
  File "C:\Users\user\Desktop\WebBot\venv\Lib\site-packages\django\db\models\query.py", line 803, in bulk_create
    returned_columns = self._batched_insert(
                       ^^^^^^^^^^^^^^^^^^^^^
  File "C:\Users\user\Desktop\WebBot\venv\Lib\site-packages\django\db\models\query.py", line 1831, in _batched_insert
    self._insert(
  File "C:\Users\user\Desktop\WebBot\venv\Lib\site-packages\django\db\models\query.py", line 1805, in _insert
    return query.get_compiler(using=using).execute_sql(returning_fields)
           ^^^^^^^^^^^^^^^^^^^^^^^^^^^^^^^^^^^^^^^^^^^^^^^^^^^^^^^^^^^^^
  File "C:\Users\user\Desktop\WebBot\venv\Lib\site-packages\django\db\models\sql\compiler.py", line 1820, in execute_sql
    cursor.execute(sql, params)
  File "C:\Users\user\Desktop\WebBot\venv\Lib\site-packages\django\db\backends\utils.py", line 102, in execute
    return super().execute(sql, params)
           ^^^^^^^^^^^^^^^^^^^^^^^^^^^^
  File "C:\Users\user\Desktop\WebBot\venv\Lib\site-packages\django\db\backends\utils.py", line 67, in execute
    return self._execute_with_wrappers(
           ^^^^^^^^^^^^^^^^^^^^^^^^^^^^
  File "C:\Users\user\Desktop\WebBot\venv\Lib\site-packages\django\db\backends\utils.py", line 80, in _execute_with_wrappers
    return executor(sql, params, many, context)
           ^^^^^^^^^^^^^^^^^^^^^^^^^^^^^^^^^^^^
  File "C:\Users\user\Desktop\WebBot\venv\Lib\site-packages\django\db\backends\utils.py", line 84, in _execute
    with self.db.wrap_database_errors:
  File "C:\Users\user\Desktop\WebBot\venv\Lib\site-packages\django\db\utils.py", line 91, in __exit__
    raise dj_exc_value.with_traceback(traceback) from exc_value
  File "C:\Users\user\Desktop\WebBot\venv\Lib\site-packages\django\db\backends\utils.py", line 89, in _execute
    return self.cursor.execute(sql, params)
           ^^^^^^^^^^^^^^^^^^^^^^^^^^^^^^^^
django.db.utils.IntegrityError: :   NULL   "end_date"  "account_vippackagepurchase"   NOT NULL
DETAIL:     (4, 2025-01-12 23:56:16.925995+00, null, 1, 1).

2025-01-13 05:00:16,643 - aiogram.dispatcher - INFO - Polling stopped
2025-01-13 05:00:16,972 - root - INFO - Hamma foydalanuvchilarga bot ishdan to'xtagani haqida xabar yuborildi.
2025-01-13 05:00:17,223 - aiogram.dispatcher - INFO - Polling stopped for bot @Andijon2_Toshkent9_Taxi05_bot id=6870414572 - 'Andijon_Toshkent_Taxi'
2025-01-13 05:00:22,934 - bot.management.commands.run_bot - INFO - Buyruqlar o'rnatildi.
2025-01-13 05:00:22,934 - bot.management.commands.run_bot - INFO - Router ulandi.
2025-01-13 05:00:23,271 - root - INFO - Hamma foydalanuvchilarga bot ishga tushgani haqida xabar yuborildi.
2025-01-13 05:00:23,271 - aiogram.dispatcher - INFO - Start polling
2025-01-13 05:00:23,380 - aiogram.dispatcher - INFO - Run polling for bot @Andijon2_Toshkent9_Taxi05_bot id=6870414572 - 'Andijon_Toshkent_Taxi'
2025-01-13 05:00:31,437 - aiogram.event - INFO - Update id=667158619 is handled. Duration 327 ms by bot id=6870414572
2025-01-13 05:00:32,519 - aiogram.event - INFO - Update id=667158620 is handled. Duration 265 ms by bot id=6870414572
2025-01-13 05:00:33,310 - aiogram.event - INFO - Update id=667158621 is handled. Duration 125 ms by bot id=6870414572
2025-01-13 05:00:40,413 - aiogram.event - INFO - Update id=667158622 is handled. Duration 296 ms by bot id=6870414572
2025-01-13 05:00:45,220 - aiogram.event - INFO - Update id=667158623 is not handled. Duration 31 ms by bot id=6870414572
2025-01-13 05:00:45,221 - aiogram.event - ERROR - Cause exception while process update id=667158623 by bot id=6870414572
IntegrityError: :   NULL   "end_date"  "account_vippackagepurchase"   NOT NULL
DETAIL:     (5, 2025-01-13 00:00:45.215583+00, null, 1, 1).
Traceback (most recent call last):
  File "C:\Users\user\Desktop\WebBot\venv\Lib\site-packages\django\db\backends\utils.py", line 89, in _execute
    return self.cursor.execute(sql, params)
           ^^^^^^^^^^^^^^^^^^^^^^^^^^^^^^^^
psycopg2.errors.NotNullViolation: :   NULL   "end_date"  "account_vippackagepurchase"   NOT NULL
DETAIL:     (5, 2025-01-13 00:00:45.215583+00, null, 1, 1).


The above exception was the direct cause of the following exception:

Traceback (most recent call last):
  File "C:\Users\user\Desktop\WebBot\venv\Lib\site-packages\aiogram\dispatcher\dispatcher.py", line 309, in _process_update
    response = await self.feed_update(bot, update, **kwargs)
               ^^^^^^^^^^^^^^^^^^^^^^^^^^^^^^^^^^^^^^^^^^^^^
  File "C:\Users\user\Desktop\WebBot\venv\Lib\site-packages\aiogram\dispatcher\dispatcher.py", line 158, in feed_update
    response = await self.update.wrap_outer_middleware(
               ^^^^^^^^^^^^^^^^^^^^^^^^^^^^^^^^^^^^^^^^
  File "C:\Users\user\Desktop\WebBot\venv\Lib\site-packages\aiogram\dispatcher\middlewares\error.py", line 25, in __call__
    return await handler(event, data)
           ^^^^^^^^^^^^^^^^^^^^^^^^^^
  File "C:\Users\user\Desktop\WebBot\venv\Lib\site-packages\aiogram\dispatcher\middlewares\user_context.py", line 27, in __call__
    return await handler(event, data)
           ^^^^^^^^^^^^^^^^^^^^^^^^^^
  File "C:\Users\user\Desktop\WebBot\venv\Lib\site-packages\aiogram\fsm\middleware.py", line 41, in __call__
    return await handler(event, data)
           ^^^^^^^^^^^^^^^^^^^^^^^^^^
  File "C:\Users\user\Desktop\WebBot\venv\Lib\site-packages\aiogram\dispatcher\event\telegram.py", line 121, in trigger
    return await wrapped_inner(event, kwargs)
           ^^^^^^^^^^^^^^^^^^^^^^^^^^^^^^^^^^
  File "C:\Users\user\Desktop\WebBot\venv\Lib\site-packages\aiogram\dispatcher\event\handler.py", line 43, in call
    return await wrapped()
           ^^^^^^^^^^^^^^^
  File "C:\Users\user\Desktop\WebBot\venv\Lib\site-packages\aiogram\dispatcher\dispatcher.py", line 276, in _listen_update
    return await self.propagate_event(update_type=update_type, event=event, **kwargs)
           ^^^^^^^^^^^^^^^^^^^^^^^^^^^^^^^^^^^^^^^^^^^^^^^^^^^^^^^^^^^^^^^^^^^^^^^^^^
  File "C:\Users\user\Desktop\WebBot\venv\Lib\site-packages\aiogram\dispatcher\router.py", line 128, in propagate_event
    return await observer.wrap_outer_middleware(_wrapped, event=event, data=kwargs)
           ^^^^^^^^^^^^^^^^^^^^^^^^^^^^^^^^^^^^^^^^^^^^^^^^^^^^^^^^^^^^^^^^^^^^^^^^
  File "C:\Users\user\Desktop\WebBot\venv\Lib\site-packages\aiogram\dispatcher\router.py", line 123, in _wrapped
    return await self._propagate_event(
           ^^^^^^^^^^^^^^^^^^^^^^^^^^^^
  File "C:\Users\user\Desktop\WebBot\venv\Lib\site-packages\aiogram\dispatcher\router.py", line 156, in _propagate_event
    response = await router.propagate_event(update_type=update_type, event=event, **kwargs)
               ^^^^^^^^^^^^^^^^^^^^^^^^^^^^^^^^^^^^^^^^^^^^^^^^^^^^^^^^^^^^^^^^^^^^^^^^^^^^
  File "C:\Users\user\Desktop\WebBot\venv\Lib\site-packages\aiogram\dispatcher\router.py", line 128, in propagate_event
    return await observer.wrap_outer_middleware(_wrapped, event=event, data=kwargs)
           ^^^^^^^^^^^^^^^^^^^^^^^^^^^^^^^^^^^^^^^^^^^^^^^^^^^^^^^^^^^^^^^^^^^^^^^^
  File "C:\Users\user\Desktop\WebBot\venv\Lib\site-packages\aiogram\dispatcher\router.py", line 123, in _wrapped
    return await self._propagate_event(
           ^^^^^^^^^^^^^^^^^^^^^^^^^^^^
  File "C:\Users\user\Desktop\WebBot\venv\Lib\site-packages\aiogram\dispatcher\router.py", line 156, in _propagate_event
    response = await router.propagate_event(update_type=update_type, event=event, **kwargs)
               ^^^^^^^^^^^^^^^^^^^^^^^^^^^^^^^^^^^^^^^^^^^^^^^^^^^^^^^^^^^^^^^^^^^^^^^^^^^^
  File "C:\Users\user\Desktop\WebBot\venv\Lib\site-packages\aiogram\dispatcher\router.py", line 128, in propagate_event
    return await observer.wrap_outer_middleware(_wrapped, event=event, data=kwargs)
           ^^^^^^^^^^^^^^^^^^^^^^^^^^^^^^^^^^^^^^^^^^^^^^^^^^^^^^^^^^^^^^^^^^^^^^^^
  File "C:\Users\user\Desktop\WebBot\venv\Lib\site-packages\aiogram\dispatcher\router.py", line 123, in _wrapped
    return await self._propagate_event(
           ^^^^^^^^^^^^^^^^^^^^^^^^^^^^
  File "C:\Users\user\Desktop\WebBot\venv\Lib\site-packages\aiogram\dispatcher\router.py", line 148, in _propagate_event
    response = await observer.trigger(event, **kwargs)
               ^^^^^^^^^^^^^^^^^^^^^^^^^^^^^^^^^^^^^^^
  File "C:\Users\user\Desktop\WebBot\venv\Lib\site-packages\aiogram\dispatcher\event\telegram.py", line 121, in trigger
    return await wrapped_inner(event, kwargs)
           ^^^^^^^^^^^^^^^^^^^^^^^^^^^^^^^^^^
  File "C:\Users\user\Desktop\WebBot\venv\Lib\site-packages\aiogram\dispatcher\event\handler.py", line 43, in call
    return await wrapped()
           ^^^^^^^^^^^^^^^
  File "C:\Users\user\Desktop\WebBot\bot\headers\handlers.py", line 392, in confirm_purchase
    await sync_to_async(user.vip_packages.add)(package)
  File "C:\Users\user\Desktop\WebBot\venv\Lib\site-packages\asgiref\sync.py", line 468, in __call__
    ret = await asyncio.shield(exec_coro)
          ^^^^^^^^^^^^^^^^^^^^^^^^^^^^^^^
  File "C:\Users\user\AppData\Local\Programs\Python\Python311\Lib\concurrent\futures\thread.py", line 58, in run
    result = self.fn(*self.args, **self.kwargs)
             ^^^^^^^^^^^^^^^^^^^^^^^^^^^^^^^^^^
  File "C:\Users\user\Desktop\WebBot\venv\Lib\site-packages\asgiref\sync.py", line 522, in thread_handler
    return func(*args, **kwargs)
           ^^^^^^^^^^^^^^^^^^^^^
  File "C:\Users\user\Desktop\WebBot\venv\Lib\site-packages\django\db\models\fields\related_descriptors.py", line 1137, in add
    self._add_items(
  File "C:\Users\user\Desktop\WebBot\venv\Lib\site-packages\django\db\models\fields\related_descriptors.py", line 1432, in _add_items
    self.through._default_manager.using(db).bulk_create(
  File "C:\Users\user\Desktop\WebBot\venv\Lib\site-packages\django\db\models\query.py", line 803, in bulk_create
    returned_columns = self._batched_insert(
                       ^^^^^^^^^^^^^^^^^^^^^
  File "C:\Users\user\Desktop\WebBot\venv\Lib\site-packages\django\db\models\query.py", line 1831, in _batched_insert
    self._insert(
  File "C:\Users\user\Desktop\WebBot\venv\Lib\site-packages\django\db\models\query.py", line 1805, in _insert
    return query.get_compiler(using=using).execute_sql(returning_fields)
           ^^^^^^^^^^^^^^^^^^^^^^^^^^^^^^^^^^^^^^^^^^^^^^^^^^^^^^^^^^^^^
  File "C:\Users\user\Desktop\WebBot\venv\Lib\site-packages\django\db\models\sql\compiler.py", line 1820, in execute_sql
    cursor.execute(sql, params)
  File "C:\Users\user\Desktop\WebBot\venv\Lib\site-packages\django\db\backends\utils.py", line 102, in execute
    return super().execute(sql, params)
           ^^^^^^^^^^^^^^^^^^^^^^^^^^^^
  File "C:\Users\user\Desktop\WebBot\venv\Lib\site-packages\django\db\backends\utils.py", line 67, in execute
    return self._execute_with_wrappers(
           ^^^^^^^^^^^^^^^^^^^^^^^^^^^^
  File "C:\Users\user\Desktop\WebBot\venv\Lib\site-packages\django\db\backends\utils.py", line 80, in _execute_with_wrappers
    return executor(sql, params, many, context)
           ^^^^^^^^^^^^^^^^^^^^^^^^^^^^^^^^^^^^
  File "C:\Users\user\Desktop\WebBot\venv\Lib\site-packages\django\db\backends\utils.py", line 84, in _execute
    with self.db.wrap_database_errors:
  File "C:\Users\user\Desktop\WebBot\venv\Lib\site-packages\django\db\utils.py", line 91, in __exit__
    raise dj_exc_value.with_traceback(traceback) from exc_value
  File "C:\Users\user\Desktop\WebBot\venv\Lib\site-packages\django\db\backends\utils.py", line 89, in _execute
    return self.cursor.execute(sql, params)
           ^^^^^^^^^^^^^^^^^^^^^^^^^^^^^^^^
django.db.utils.IntegrityError: :   NULL   "end_date"  "account_vippackagepurchase"   NOT NULL
DETAIL:     (5, 2025-01-13 00:00:45.215583+00, null, 1, 1).

2025-01-13 05:12:13,049 - aiogram.dispatcher - INFO - Polling stopped
2025-01-13 05:12:13,458 - root - INFO - Hamma foydalanuvchilarga bot ishdan to'xtagani haqida xabar yuborildi.
2025-01-13 05:12:13,728 - aiogram.dispatcher - INFO - Polling stopped for bot @Andijon2_Toshkent9_Taxi05_bot id=6870414572 - 'Andijon_Toshkent_Taxi'
2025-01-13 05:12:19,454 - bot.management.commands.run_bot - INFO - Buyruqlar o'rnatildi.
2025-01-13 05:12:19,455 - bot.management.commands.run_bot - INFO - Router ulandi.
2025-01-13 05:12:19,686 - root - INFO - Hamma foydalanuvchilarga bot ishga tushgani haqida xabar yuborildi.
2025-01-13 05:12:19,687 - aiogram.dispatcher - INFO - Start polling
2025-01-13 05:12:19,795 - aiogram.dispatcher - INFO - Run polling for bot @Andijon2_Toshkent9_Taxi05_bot id=6870414572 - 'Andijon_Toshkent_Taxi'
2025-01-13 05:12:31,156 - aiogram.event - INFO - Update id=667158624 is handled. Duration 593 ms by bot id=6870414572
2025-01-13 05:12:32,234 - aiogram.event - INFO - Update id=667158625 is handled. Duration 266 ms by bot id=6870414572
2025-01-13 05:12:32,949 - aiogram.event - INFO - Update id=667158626 is handled. Duration 125 ms by bot id=6870414572
2025-01-13 05:12:41,539 - aiogram.event - INFO - Update id=667158627 is handled. Duration 280 ms by bot id=6870414572
2025-01-13 05:12:46,405 - aiogram.event - INFO - Update id=667158628 is not handled. Duration 31 ms by bot id=6870414572
2025-01-13 05:12:46,406 - aiogram.event - ERROR - Cause exception while process update id=667158628 by bot id=6870414572
IntegrityError: :   NULL   "end_date"  "account_vippackagepurchase"   NOT NULL
DETAIL:     (6, 2025-01-13 00:12:46.397036+00, null, 1, 1).
Traceback (most recent call last):
  File "C:\Users\user\Desktop\WebBot\venv\Lib\site-packages\django\db\backends\utils.py", line 89, in _execute
    return self.cursor.execute(sql, params)
           ^^^^^^^^^^^^^^^^^^^^^^^^^^^^^^^^
psycopg2.errors.NotNullViolation: :   NULL   "end_date"  "account_vippackagepurchase"   NOT NULL
DETAIL:     (6, 2025-01-13 00:12:46.397036+00, null, 1, 1).


The above exception was the direct cause of the following exception:

Traceback (most recent call last):
  File "C:\Users\user\Desktop\WebBot\venv\Lib\site-packages\aiogram\dispatcher\dispatcher.py", line 309, in _process_update
    response = await self.feed_update(bot, update, **kwargs)
               ^^^^^^^^^^^^^^^^^^^^^^^^^^^^^^^^^^^^^^^^^^^^^
  File "C:\Users\user\Desktop\WebBot\venv\Lib\site-packages\aiogram\dispatcher\dispatcher.py", line 158, in feed_update
    response = await self.update.wrap_outer_middleware(
               ^^^^^^^^^^^^^^^^^^^^^^^^^^^^^^^^^^^^^^^^
  File "C:\Users\user\Desktop\WebBot\venv\Lib\site-packages\aiogram\dispatcher\middlewares\error.py", line 25, in __call__
    return await handler(event, data)
           ^^^^^^^^^^^^^^^^^^^^^^^^^^
  File "C:\Users\user\Desktop\WebBot\venv\Lib\site-packages\aiogram\dispatcher\middlewares\user_context.py", line 27, in __call__
    return await handler(event, data)
           ^^^^^^^^^^^^^^^^^^^^^^^^^^
  File "C:\Users\user\Desktop\WebBot\venv\Lib\site-packages\aiogram\fsm\middleware.py", line 41, in __call__
    return await handler(event, data)
           ^^^^^^^^^^^^^^^^^^^^^^^^^^
  File "C:\Users\user\Desktop\WebBot\venv\Lib\site-packages\aiogram\dispatcher\event\telegram.py", line 121, in trigger
    return await wrapped_inner(event, kwargs)
           ^^^^^^^^^^^^^^^^^^^^^^^^^^^^^^^^^^
  File "C:\Users\user\Desktop\WebBot\venv\Lib\site-packages\aiogram\dispatcher\event\handler.py", line 43, in call
    return await wrapped()
           ^^^^^^^^^^^^^^^
  File "C:\Users\user\Desktop\WebBot\venv\Lib\site-packages\aiogram\dispatcher\dispatcher.py", line 276, in _listen_update
    return await self.propagate_event(update_type=update_type, event=event, **kwargs)
           ^^^^^^^^^^^^^^^^^^^^^^^^^^^^^^^^^^^^^^^^^^^^^^^^^^^^^^^^^^^^^^^^^^^^^^^^^^
  File "C:\Users\user\Desktop\WebBot\venv\Lib\site-packages\aiogram\dispatcher\router.py", line 128, in propagate_event
    return await observer.wrap_outer_middleware(_wrapped, event=event, data=kwargs)
           ^^^^^^^^^^^^^^^^^^^^^^^^^^^^^^^^^^^^^^^^^^^^^^^^^^^^^^^^^^^^^^^^^^^^^^^^
  File "C:\Users\user\Desktop\WebBot\venv\Lib\site-packages\aiogram\dispatcher\router.py", line 123, in _wrapped
    return await self._propagate_event(
           ^^^^^^^^^^^^^^^^^^^^^^^^^^^^
  File "C:\Users\user\Desktop\WebBot\venv\Lib\site-packages\aiogram\dispatcher\router.py", line 156, in _propagate_event
    response = await router.propagate_event(update_type=update_type, event=event, **kwargs)
               ^^^^^^^^^^^^^^^^^^^^^^^^^^^^^^^^^^^^^^^^^^^^^^^^^^^^^^^^^^^^^^^^^^^^^^^^^^^^
  File "C:\Users\user\Desktop\WebBot\venv\Lib\site-packages\aiogram\dispatcher\router.py", line 128, in propagate_event
    return await observer.wrap_outer_middleware(_wrapped, event=event, data=kwargs)
           ^^^^^^^^^^^^^^^^^^^^^^^^^^^^^^^^^^^^^^^^^^^^^^^^^^^^^^^^^^^^^^^^^^^^^^^^
  File "C:\Users\user\Desktop\WebBot\venv\Lib\site-packages\aiogram\dispatcher\router.py", line 123, in _wrapped
    return await self._propagate_event(
           ^^^^^^^^^^^^^^^^^^^^^^^^^^^^
  File "C:\Users\user\Desktop\WebBot\venv\Lib\site-packages\aiogram\dispatcher\router.py", line 156, in _propagate_event
    response = await router.propagate_event(update_type=update_type, event=event, **kwargs)
               ^^^^^^^^^^^^^^^^^^^^^^^^^^^^^^^^^^^^^^^^^^^^^^^^^^^^^^^^^^^^^^^^^^^^^^^^^^^^
  File "C:\Users\user\Desktop\WebBot\venv\Lib\site-packages\aiogram\dispatcher\router.py", line 128, in propagate_event
    return await observer.wrap_outer_middleware(_wrapped, event=event, data=kwargs)
           ^^^^^^^^^^^^^^^^^^^^^^^^^^^^^^^^^^^^^^^^^^^^^^^^^^^^^^^^^^^^^^^^^^^^^^^^
  File "C:\Users\user\Desktop\WebBot\venv\Lib\site-packages\aiogram\dispatcher\router.py", line 123, in _wrapped
    return await self._propagate_event(
           ^^^^^^^^^^^^^^^^^^^^^^^^^^^^
  File "C:\Users\user\Desktop\WebBot\venv\Lib\site-packages\aiogram\dispatcher\router.py", line 148, in _propagate_event
    response = await observer.trigger(event, **kwargs)
               ^^^^^^^^^^^^^^^^^^^^^^^^^^^^^^^^^^^^^^^
  File "C:\Users\user\Desktop\WebBot\venv\Lib\site-packages\aiogram\dispatcher\event\telegram.py", line 121, in trigger
    return await wrapped_inner(event, kwargs)
           ^^^^^^^^^^^^^^^^^^^^^^^^^^^^^^^^^^
  File "C:\Users\user\Desktop\WebBot\venv\Lib\site-packages\aiogram\dispatcher\event\handler.py", line 43, in call
    return await wrapped()
           ^^^^^^^^^^^^^^^
  File "C:\Users\user\Desktop\WebBot\bot\headers\handlers.py", line 388, in confirm_purchase
    await sync_to_async(user.vip_packages.add)(package)
  File "C:\Users\user\Desktop\WebBot\venv\Lib\site-packages\asgiref\sync.py", line 468, in __call__
    ret = await asyncio.shield(exec_coro)
          ^^^^^^^^^^^^^^^^^^^^^^^^^^^^^^^
  File "C:\Users\user\AppData\Local\Programs\Python\Python311\Lib\concurrent\futures\thread.py", line 58, in run
    result = self.fn(*self.args, **self.kwargs)
             ^^^^^^^^^^^^^^^^^^^^^^^^^^^^^^^^^^
  File "C:\Users\user\Desktop\WebBot\venv\Lib\site-packages\asgiref\sync.py", line 522, in thread_handler
    return func(*args, **kwargs)
           ^^^^^^^^^^^^^^^^^^^^^
  File "C:\Users\user\Desktop\WebBot\venv\Lib\site-packages\django\db\models\fields\related_descriptors.py", line 1137, in add
    self._add_items(
  File "C:\Users\user\Desktop\WebBot\venv\Lib\site-packages\django\db\models\fields\related_descriptors.py", line 1432, in _add_items
    self.through._default_manager.using(db).bulk_create(
  File "C:\Users\user\Desktop\WebBot\venv\Lib\site-packages\django\db\models\query.py", line 803, in bulk_create
    returned_columns = self._batched_insert(
                       ^^^^^^^^^^^^^^^^^^^^^
  File "C:\Users\user\Desktop\WebBot\venv\Lib\site-packages\django\db\models\query.py", line 1831, in _batched_insert
    self._insert(
  File "C:\Users\user\Desktop\WebBot\venv\Lib\site-packages\django\db\models\query.py", line 1805, in _insert
    return query.get_compiler(using=using).execute_sql(returning_fields)
           ^^^^^^^^^^^^^^^^^^^^^^^^^^^^^^^^^^^^^^^^^^^^^^^^^^^^^^^^^^^^^
  File "C:\Users\user\Desktop\WebBot\venv\Lib\site-packages\django\db\models\sql\compiler.py", line 1820, in execute_sql
    cursor.execute(sql, params)
  File "C:\Users\user\Desktop\WebBot\venv\Lib\site-packages\django\db\backends\utils.py", line 102, in execute
    return super().execute(sql, params)
           ^^^^^^^^^^^^^^^^^^^^^^^^^^^^
  File "C:\Users\user\Desktop\WebBot\venv\Lib\site-packages\django\db\backends\utils.py", line 67, in execute
    return self._execute_with_wrappers(
           ^^^^^^^^^^^^^^^^^^^^^^^^^^^^
  File "C:\Users\user\Desktop\WebBot\venv\Lib\site-packages\django\db\backends\utils.py", line 80, in _execute_with_wrappers
    return executor(sql, params, many, context)
           ^^^^^^^^^^^^^^^^^^^^^^^^^^^^^^^^^^^^
  File "C:\Users\user\Desktop\WebBot\venv\Lib\site-packages\django\db\backends\utils.py", line 84, in _execute
    with self.db.wrap_database_errors:
  File "C:\Users\user\Desktop\WebBot\venv\Lib\site-packages\django\db\utils.py", line 91, in __exit__
    raise dj_exc_value.with_traceback(traceback) from exc_value
  File "C:\Users\user\Desktop\WebBot\venv\Lib\site-packages\django\db\backends\utils.py", line 89, in _execute
    return self.cursor.execute(sql, params)
           ^^^^^^^^^^^^^^^^^^^^^^^^^^^^^^^^
django.db.utils.IntegrityError: :   NULL   "end_date"  "account_vippackagepurchase"   NOT NULL
DETAIL:     (6, 2025-01-13 00:12:46.397036+00, null, 1, 1).

2025-01-13 05:13:20,714 - aiogram.dispatcher - INFO - Polling stopped
2025-01-13 05:13:21,081 - root - INFO - Hamma foydalanuvchilarga bot ishdan to'xtagani haqida xabar yuborildi.
2025-01-13 05:13:21,323 - aiogram.dispatcher - INFO - Polling stopped for bot @Andijon2_Toshkent9_Taxi05_bot id=6870414572 - 'Andijon_Toshkent_Taxi'
2025-01-13 05:13:40,873 - bot.management.commands.run_bot - INFO - Buyruqlar o'rnatildi.
2025-01-13 05:13:40,873 - bot.management.commands.run_bot - INFO - Router ulandi.
2025-01-13 05:13:41,096 - root - INFO - Hamma foydalanuvchilarga bot ishga tushgani haqida xabar yuborildi.
2025-01-13 05:13:41,097 - aiogram.dispatcher - INFO - Start polling
2025-01-13 05:13:41,206 - aiogram.dispatcher - INFO - Run polling for bot @Andijon2_Toshkent9_Taxi05_bot id=6870414572 - 'Andijon_Toshkent_Taxi'
2025-01-13 05:13:48,031 - aiogram.event - INFO - Update id=667158629 is handled. Duration 343 ms by bot id=6870414572
2025-01-13 05:13:49,491 - aiogram.event - INFO - Update id=667158630 is handled. Duration 281 ms by bot id=6870414572
2025-01-13 05:13:50,240 - aiogram.event - INFO - Update id=667158631 is handled. Duration 125 ms by bot id=6870414572
2025-01-13 05:13:57,017 - aiogram.event - INFO - Update id=667158632 is handled. Duration 328 ms by bot id=6870414572
2025-01-13 05:14:03,091 - aiogram.event - INFO - Update id=667158633 is handled. Duration 577 ms by bot id=6870414572
2025-01-13 05:18:05,980 - aiogram.dispatcher - INFO - Polling stopped
2025-01-13 05:18:06,415 - root - INFO - Hamma foydalanuvchilarga bot ishdan to'xtagani haqida xabar yuborildi.
2025-01-13 05:18:06,699 - aiogram.dispatcher - INFO - Polling stopped for bot @Andijon2_Toshkent9_Taxi05_bot id=6870414572 - 'Andijon_Toshkent_Taxi'
2025-01-13 05:18:13,202 - bot.management.commands.run_bot - INFO - Buyruqlar o'rnatildi.
2025-01-13 05:18:13,203 - bot.management.commands.run_bot - INFO - Router ulandi.
2025-01-13 05:18:13,522 - root - INFO - Hamma foydalanuvchilarga bot ishga tushgani haqida xabar yuborildi.
2025-01-13 05:18:13,523 - aiogram.dispatcher - INFO - Start polling
2025-01-13 05:18:13,636 - aiogram.dispatcher - INFO - Run polling for bot @Andijon2_Toshkent9_Taxi05_bot id=6870414572 - 'Andijon_Toshkent_Taxi'
2025-01-13 05:18:22,615 - aiogram.event - INFO - Update id=667158634 is handled. Duration 313 ms by bot id=6870414572
2025-01-13 05:18:23,544 - aiogram.event - INFO - Update id=667158635 is handled. Duration 233 ms by bot id=6870414572
2025-01-13 05:18:24,318 - aiogram.event - INFO - Update id=667158636 is handled. Duration 108 ms by bot id=6870414572
2025-01-13 05:18:30,442 - aiogram.event - INFO - Update id=667158637 is handled. Duration 266 ms by bot id=6870414572
2025-01-13 05:18:36,152 - aiogram.event - INFO - Update id=667158638 is handled. Duration 640 ms by bot id=6870414572
